Copyright 1986-2020 Xilinx, Inc. All Rights Reserved.
---------------------------------------------------------------------------------------------------------------------------------------------------------
| Tool Version : Vivado v.2020.2 (win64) Build 3064766 Wed Nov 18 09:12:45 MST 2020
| Date         : Tue Jul  8 15:56:45 2025
| Host         : MSI running 64-bit major release  (build 9200)
| Command      : report_drc -file arbiter_puf_fpga_v1_0_drc_routed.rpt -pb arbiter_puf_fpga_v1_0_drc_routed.pb -rpx arbiter_puf_fpga_v1_0_drc_routed.rpx
| Design       : arbiter_puf_fpga_v1_0
| Device       : xc7z020clg400-1
| Speed File   : -1
| Design State : Fully Routed
---------------------------------------------------------------------------------------------------------------------------------------------------------

Report DRC

Table of Contents
-----------------
1. REPORT SUMMARY
2. REPORT DETAILS

1. REPORT SUMMARY
-----------------
            Netlist: netlist
          Floorplan: checkpoint_arbiter_puf_fpga_v1_0
      Design limits: <entire design considered>
           Ruledeck: default
             Max violations: <unlimited>
             Violations found: 132
+-------------+------------------+-------------------------------------------------------------+------------+
| Rule        | Severity         | Description                                                 | Violations |
+-------------+------------------+-------------------------------------------------------------+------------+
| NSTD-1      | Critical Warning | Unspecified I/O Standard                                    | 1          |
| UCIO-1      | Critical Warning | Unconstrained Logical Port                                  | 1          |
| PDRC-153    | Warning          | Gated clock check                                           | 64         |
| PLHOLDVIO-2 | Warning          | Non-Optimal connections which could lead to hold violations | 64         |
| RTSTAT-10   | Warning          | No routable loads                                           | 1          |
| ZPS7-1      | Warning          | PS7 block required                                          | 1          |
+-------------+------------------+-------------------------------------------------------------+------------+

2. REPORT DETAILS
-----------------
NSTD-1#1 Critical Warning
Unspecified I/O Standard  
41 out of 41 logical ports use I/O standard (IOSTANDARD) value 'DEFAULT', instead of a user assigned specific value. This may cause I/O contention or incompatibility with the board power or connectivity affecting performance, signal integrity or in extreme cases cause damage to the device or the components to which it is connected. To correct this violation, specify all I/O standards. This design will fail to generate a bitstream unless all logical ports have a user specified I/O standard value defined. To allow bitstream creation with unspecified I/O standard values (not recommended), use this command: set_property SEVERITY {Warning} [get_drc_checks NSTD-1].  NOTE: When using the Vivado Runs infrastructure (e.g. launch_runs Tcl command), add this command to a .tcl file and add that file as a pre-hook for write_bitstream step for the implementation run. Problem ports: s00_axi_arready, s00_axi_awready, s00_axi_bresp[1:0], s00_axi_bvalid,
s00_axi_rdata[31:0], s00_axi_rresp[1:0], s00_axi_rvalid, s00_axi_wready.
Related violations: <none>

UCIO-1#1 Critical Warning
Unconstrained Logical Port  
41 out of 41 logical ports have no user assigned specific location constraint (LOC). This may cause I/O contention or incompatibility with the board power or connectivity affecting performance, signal integrity or in extreme cases cause damage to the device or the components to which it is connected. To correct this violation, specify all pin locations. This design will fail to generate a bitstream unless all logical ports have a user specified site LOC constraint defined.  To allow bitstream creation with unspecified pin locations (not recommended), use this command: set_property SEVERITY {Warning} [get_drc_checks UCIO-1].  NOTE: When using the Vivado Runs infrastructure (e.g. launch_runs Tcl command), add this command to a .tcl file and add that file as a pre-hook for write_bitstream step for the implementation run.  Problem ports: s00_axi_arready, s00_axi_awready, s00_axi_bresp[1:0], s00_axi_bvalid,
s00_axi_rdata[31:0], s00_axi_rresp[1:0], s00_axi_rvalid, s00_axi_wready.
Related violations: <none>

PDRC-153#1 Warning
Gated clock check  
Net arbiter_puf_fpga_v1_0_S00_AXI_inst/u_puf/genblk1[0].arbiterinst/genblk1[63].arbelinst/o2 is a gated clock net sourced by a combinational pin arbiter_puf_fpga_v1_0_S00_AXI_inst/u_puf/genblk1[0].arbiterinst/genblk1[63].arbelinst/o2_INST_0/O, cell arbiter_puf_fpga_v1_0_S00_AXI_inst/u_puf/genblk1[0].arbiterinst/genblk1[63].arbelinst/o2_INST_0. This is not good design practice and will likely impact performance. For SLICE registers, for example, use the CE pin to control the loading of data.
Related violations: <none>

PDRC-153#2 Warning
Gated clock check  
Net arbiter_puf_fpga_v1_0_S00_AXI_inst/u_puf/genblk1[10].arbiterinst/genblk1[63].arbelinst/o2 is a gated clock net sourced by a combinational pin arbiter_puf_fpga_v1_0_S00_AXI_inst/u_puf/genblk1[10].arbiterinst/genblk1[63].arbelinst/o2_INST_0/O, cell arbiter_puf_fpga_v1_0_S00_AXI_inst/u_puf/genblk1[10].arbiterinst/genblk1[63].arbelinst/o2_INST_0. This is not good design practice and will likely impact performance. For SLICE registers, for example, use the CE pin to control the loading of data.
Related violations: <none>

PDRC-153#3 Warning
Gated clock check  
Net arbiter_puf_fpga_v1_0_S00_AXI_inst/u_puf/genblk1[11].arbiterinst/genblk1[63].arbelinst/o2 is a gated clock net sourced by a combinational pin arbiter_puf_fpga_v1_0_S00_AXI_inst/u_puf/genblk1[11].arbiterinst/genblk1[63].arbelinst/o2_INST_0/O, cell arbiter_puf_fpga_v1_0_S00_AXI_inst/u_puf/genblk1[11].arbiterinst/genblk1[63].arbelinst/o2_INST_0. This is not good design practice and will likely impact performance. For SLICE registers, for example, use the CE pin to control the loading of data.
Related violations: <none>

PDRC-153#4 Warning
Gated clock check  
Net arbiter_puf_fpga_v1_0_S00_AXI_inst/u_puf/genblk1[12].arbiterinst/genblk1[63].arbelinst/o2 is a gated clock net sourced by a combinational pin arbiter_puf_fpga_v1_0_S00_AXI_inst/u_puf/genblk1[12].arbiterinst/genblk1[63].arbelinst/o2_INST_0/O, cell arbiter_puf_fpga_v1_0_S00_AXI_inst/u_puf/genblk1[12].arbiterinst/genblk1[63].arbelinst/o2_INST_0. This is not good design practice and will likely impact performance. For SLICE registers, for example, use the CE pin to control the loading of data.
Related violations: <none>

PDRC-153#5 Warning
Gated clock check  
Net arbiter_puf_fpga_v1_0_S00_AXI_inst/u_puf/genblk1[13].arbiterinst/genblk1[63].arbelinst/o2 is a gated clock net sourced by a combinational pin arbiter_puf_fpga_v1_0_S00_AXI_inst/u_puf/genblk1[13].arbiterinst/genblk1[63].arbelinst/o2_INST_0/O, cell arbiter_puf_fpga_v1_0_S00_AXI_inst/u_puf/genblk1[13].arbiterinst/genblk1[63].arbelinst/o2_INST_0. This is not good design practice and will likely impact performance. For SLICE registers, for example, use the CE pin to control the loading of data.
Related violations: <none>

PDRC-153#6 Warning
Gated clock check  
Net arbiter_puf_fpga_v1_0_S00_AXI_inst/u_puf/genblk1[14].arbiterinst/genblk1[63].arbelinst/o2 is a gated clock net sourced by a combinational pin arbiter_puf_fpga_v1_0_S00_AXI_inst/u_puf/genblk1[14].arbiterinst/genblk1[63].arbelinst/o2_INST_0/O, cell arbiter_puf_fpga_v1_0_S00_AXI_inst/u_puf/genblk1[14].arbiterinst/genblk1[63].arbelinst/o2_INST_0. This is not good design practice and will likely impact performance. For SLICE registers, for example, use the CE pin to control the loading of data.
Related violations: <none>

PDRC-153#7 Warning
Gated clock check  
Net arbiter_puf_fpga_v1_0_S00_AXI_inst/u_puf/genblk1[15].arbiterinst/genblk1[63].arbelinst/o2 is a gated clock net sourced by a combinational pin arbiter_puf_fpga_v1_0_S00_AXI_inst/u_puf/genblk1[15].arbiterinst/genblk1[63].arbelinst/o2_INST_0/O, cell arbiter_puf_fpga_v1_0_S00_AXI_inst/u_puf/genblk1[15].arbiterinst/genblk1[63].arbelinst/o2_INST_0. This is not good design practice and will likely impact performance. For SLICE registers, for example, use the CE pin to control the loading of data.
Related violations: <none>

PDRC-153#8 Warning
Gated clock check  
Net arbiter_puf_fpga_v1_0_S00_AXI_inst/u_puf/genblk1[16].arbiterinst/genblk1[63].arbelinst/o2 is a gated clock net sourced by a combinational pin arbiter_puf_fpga_v1_0_S00_AXI_inst/u_puf/genblk1[16].arbiterinst/genblk1[63].arbelinst/o2_INST_0/O, cell arbiter_puf_fpga_v1_0_S00_AXI_inst/u_puf/genblk1[16].arbiterinst/genblk1[63].arbelinst/o2_INST_0. This is not good design practice and will likely impact performance. For SLICE registers, for example, use the CE pin to control the loading of data.
Related violations: <none>

PDRC-153#9 Warning
Gated clock check  
Net arbiter_puf_fpga_v1_0_S00_AXI_inst/u_puf/genblk1[17].arbiterinst/genblk1[63].arbelinst/o2 is a gated clock net sourced by a combinational pin arbiter_puf_fpga_v1_0_S00_AXI_inst/u_puf/genblk1[17].arbiterinst/genblk1[63].arbelinst/o2_INST_0/O, cell arbiter_puf_fpga_v1_0_S00_AXI_inst/u_puf/genblk1[17].arbiterinst/genblk1[63].arbelinst/o2_INST_0. This is not good design practice and will likely impact performance. For SLICE registers, for example, use the CE pin to control the loading of data.
Related violations: <none>

PDRC-153#10 Warning
Gated clock check  
Net arbiter_puf_fpga_v1_0_S00_AXI_inst/u_puf/genblk1[18].arbiterinst/genblk1[63].arbelinst/o2 is a gated clock net sourced by a combinational pin arbiter_puf_fpga_v1_0_S00_AXI_inst/u_puf/genblk1[18].arbiterinst/genblk1[63].arbelinst/o2_INST_0/O, cell arbiter_puf_fpga_v1_0_S00_AXI_inst/u_puf/genblk1[18].arbiterinst/genblk1[63].arbelinst/o2_INST_0. This is not good design practice and will likely impact performance. For SLICE registers, for example, use the CE pin to control the loading of data.
Related violations: <none>

PDRC-153#11 Warning
Gated clock check  
Net arbiter_puf_fpga_v1_0_S00_AXI_inst/u_puf/genblk1[19].arbiterinst/genblk1[63].arbelinst/o2 is a gated clock net sourced by a combinational pin arbiter_puf_fpga_v1_0_S00_AXI_inst/u_puf/genblk1[19].arbiterinst/genblk1[63].arbelinst/o2_INST_0/O, cell arbiter_puf_fpga_v1_0_S00_AXI_inst/u_puf/genblk1[19].arbiterinst/genblk1[63].arbelinst/o2_INST_0. This is not good design practice and will likely impact performance. For SLICE registers, for example, use the CE pin to control the loading of data.
Related violations: <none>

PDRC-153#12 Warning
Gated clock check  
Net arbiter_puf_fpga_v1_0_S00_AXI_inst/u_puf/genblk1[1].arbiterinst/genblk1[63].arbelinst/o2 is a gated clock net sourced by a combinational pin arbiter_puf_fpga_v1_0_S00_AXI_inst/u_puf/genblk1[1].arbiterinst/genblk1[63].arbelinst/o2_INST_0/O, cell arbiter_puf_fpga_v1_0_S00_AXI_inst/u_puf/genblk1[1].arbiterinst/genblk1[63].arbelinst/o2_INST_0. This is not good design practice and will likely impact performance. For SLICE registers, for example, use the CE pin to control the loading of data.
Related violations: <none>

PDRC-153#13 Warning
Gated clock check  
Net arbiter_puf_fpga_v1_0_S00_AXI_inst/u_puf/genblk1[20].arbiterinst/genblk1[63].arbelinst/o2 is a gated clock net sourced by a combinational pin arbiter_puf_fpga_v1_0_S00_AXI_inst/u_puf/genblk1[20].arbiterinst/genblk1[63].arbelinst/o2_INST_0/O, cell arbiter_puf_fpga_v1_0_S00_AXI_inst/u_puf/genblk1[20].arbiterinst/genblk1[63].arbelinst/o2_INST_0. This is not good design practice and will likely impact performance. For SLICE registers, for example, use the CE pin to control the loading of data.
Related violations: <none>

PDRC-153#14 Warning
Gated clock check  
Net arbiter_puf_fpga_v1_0_S00_AXI_inst/u_puf/genblk1[21].arbiterinst/genblk1[63].arbelinst/o2 is a gated clock net sourced by a combinational pin arbiter_puf_fpga_v1_0_S00_AXI_inst/u_puf/genblk1[21].arbiterinst/genblk1[63].arbelinst/o2_INST_0/O, cell arbiter_puf_fpga_v1_0_S00_AXI_inst/u_puf/genblk1[21].arbiterinst/genblk1[63].arbelinst/o2_INST_0. This is not good design practice and will likely impact performance. For SLICE registers, for example, use the CE pin to control the loading of data.
Related violations: <none>

PDRC-153#15 Warning
Gated clock check  
Net arbiter_puf_fpga_v1_0_S00_AXI_inst/u_puf/genblk1[22].arbiterinst/genblk1[63].arbelinst/o2 is a gated clock net sourced by a combinational pin arbiter_puf_fpga_v1_0_S00_AXI_inst/u_puf/genblk1[22].arbiterinst/genblk1[63].arbelinst/o2_INST_0/O, cell arbiter_puf_fpga_v1_0_S00_AXI_inst/u_puf/genblk1[22].arbiterinst/genblk1[63].arbelinst/o2_INST_0. This is not good design practice and will likely impact performance. For SLICE registers, for example, use the CE pin to control the loading of data.
Related violations: <none>

PDRC-153#16 Warning
Gated clock check  
Net arbiter_puf_fpga_v1_0_S00_AXI_inst/u_puf/genblk1[23].arbiterinst/genblk1[63].arbelinst/o2 is a gated clock net sourced by a combinational pin arbiter_puf_fpga_v1_0_S00_AXI_inst/u_puf/genblk1[23].arbiterinst/genblk1[63].arbelinst/o2_INST_0/O, cell arbiter_puf_fpga_v1_0_S00_AXI_inst/u_puf/genblk1[23].arbiterinst/genblk1[63].arbelinst/o2_INST_0. This is not good design practice and will likely impact performance. For SLICE registers, for example, use the CE pin to control the loading of data.
Related violations: <none>

PDRC-153#17 Warning
Gated clock check  
Net arbiter_puf_fpga_v1_0_S00_AXI_inst/u_puf/genblk1[24].arbiterinst/genblk1[63].arbelinst/o2 is a gated clock net sourced by a combinational pin arbiter_puf_fpga_v1_0_S00_AXI_inst/u_puf/genblk1[24].arbiterinst/genblk1[63].arbelinst/o2_INST_0/O, cell arbiter_puf_fpga_v1_0_S00_AXI_inst/u_puf/genblk1[24].arbiterinst/genblk1[63].arbelinst/o2_INST_0. This is not good design practice and will likely impact performance. For SLICE registers, for example, use the CE pin to control the loading of data.
Related violations: <none>

PDRC-153#18 Warning
Gated clock check  
Net arbiter_puf_fpga_v1_0_S00_AXI_inst/u_puf/genblk1[25].arbiterinst/genblk1[63].arbelinst/o2 is a gated clock net sourced by a combinational pin arbiter_puf_fpga_v1_0_S00_AXI_inst/u_puf/genblk1[25].arbiterinst/genblk1[63].arbelinst/o2_INST_0/O, cell arbiter_puf_fpga_v1_0_S00_AXI_inst/u_puf/genblk1[25].arbiterinst/genblk1[63].arbelinst/o2_INST_0. This is not good design practice and will likely impact performance. For SLICE registers, for example, use the CE pin to control the loading of data.
Related violations: <none>

PDRC-153#19 Warning
Gated clock check  
Net arbiter_puf_fpga_v1_0_S00_AXI_inst/u_puf/genblk1[26].arbiterinst/genblk1[63].arbelinst/o2 is a gated clock net sourced by a combinational pin arbiter_puf_fpga_v1_0_S00_AXI_inst/u_puf/genblk1[26].arbiterinst/genblk1[63].arbelinst/o2_INST_0/O, cell arbiter_puf_fpga_v1_0_S00_AXI_inst/u_puf/genblk1[26].arbiterinst/genblk1[63].arbelinst/o2_INST_0. This is not good design practice and will likely impact performance. For SLICE registers, for example, use the CE pin to control the loading of data.
Related violations: <none>

PDRC-153#20 Warning
Gated clock check  
Net arbiter_puf_fpga_v1_0_S00_AXI_inst/u_puf/genblk1[27].arbiterinst/genblk1[63].arbelinst/o2 is a gated clock net sourced by a combinational pin arbiter_puf_fpga_v1_0_S00_AXI_inst/u_puf/genblk1[27].arbiterinst/genblk1[63].arbelinst/o2_INST_0/O, cell arbiter_puf_fpga_v1_0_S00_AXI_inst/u_puf/genblk1[27].arbiterinst/genblk1[63].arbelinst/o2_INST_0. This is not good design practice and will likely impact performance. For SLICE registers, for example, use the CE pin to control the loading of data.
Related violations: <none>

PDRC-153#21 Warning
Gated clock check  
Net arbiter_puf_fpga_v1_0_S00_AXI_inst/u_puf/genblk1[28].arbiterinst/genblk1[63].arbelinst/o2 is a gated clock net sourced by a combinational pin arbiter_puf_fpga_v1_0_S00_AXI_inst/u_puf/genblk1[28].arbiterinst/genblk1[63].arbelinst/o2_INST_0/O, cell arbiter_puf_fpga_v1_0_S00_AXI_inst/u_puf/genblk1[28].arbiterinst/genblk1[63].arbelinst/o2_INST_0. This is not good design practice and will likely impact performance. For SLICE registers, for example, use the CE pin to control the loading of data.
Related violations: <none>

PDRC-153#22 Warning
Gated clock check  
Net arbiter_puf_fpga_v1_0_S00_AXI_inst/u_puf/genblk1[29].arbiterinst/genblk1[63].arbelinst/o2 is a gated clock net sourced by a combinational pin arbiter_puf_fpga_v1_0_S00_AXI_inst/u_puf/genblk1[29].arbiterinst/genblk1[63].arbelinst/o2_INST_0/O, cell arbiter_puf_fpga_v1_0_S00_AXI_inst/u_puf/genblk1[29].arbiterinst/genblk1[63].arbelinst/o2_INST_0. This is not good design practice and will likely impact performance. For SLICE registers, for example, use the CE pin to control the loading of data.
Related violations: <none>

PDRC-153#23 Warning
Gated clock check  
Net arbiter_puf_fpga_v1_0_S00_AXI_inst/u_puf/genblk1[2].arbiterinst/genblk1[63].arbelinst/o2 is a gated clock net sourced by a combinational pin arbiter_puf_fpga_v1_0_S00_AXI_inst/u_puf/genblk1[2].arbiterinst/genblk1[63].arbelinst/o2_INST_0/O, cell arbiter_puf_fpga_v1_0_S00_AXI_inst/u_puf/genblk1[2].arbiterinst/genblk1[63].arbelinst/o2_INST_0. This is not good design practice and will likely impact performance. For SLICE registers, for example, use the CE pin to control the loading of data.
Related violations: <none>

PDRC-153#24 Warning
Gated clock check  
Net arbiter_puf_fpga_v1_0_S00_AXI_inst/u_puf/genblk1[30].arbiterinst/genblk1[63].arbelinst/o2 is a gated clock net sourced by a combinational pin arbiter_puf_fpga_v1_0_S00_AXI_inst/u_puf/genblk1[30].arbiterinst/genblk1[63].arbelinst/o2_INST_0/O, cell arbiter_puf_fpga_v1_0_S00_AXI_inst/u_puf/genblk1[30].arbiterinst/genblk1[63].arbelinst/o2_INST_0. This is not good design practice and will likely impact performance. For SLICE registers, for example, use the CE pin to control the loading of data.
Related violations: <none>

PDRC-153#25 Warning
Gated clock check  
Net arbiter_puf_fpga_v1_0_S00_AXI_inst/u_puf/genblk1[31].arbiterinst/genblk1[63].arbelinst/o2 is a gated clock net sourced by a combinational pin arbiter_puf_fpga_v1_0_S00_AXI_inst/u_puf/genblk1[31].arbiterinst/genblk1[63].arbelinst/o2_INST_0/O, cell arbiter_puf_fpga_v1_0_S00_AXI_inst/u_puf/genblk1[31].arbiterinst/genblk1[63].arbelinst/o2_INST_0. This is not good design practice and will likely impact performance. For SLICE registers, for example, use the CE pin to control the loading of data.
Related violations: <none>

PDRC-153#26 Warning
Gated clock check  
Net arbiter_puf_fpga_v1_0_S00_AXI_inst/u_puf/genblk1[32].arbiterinst/genblk1[63].arbelinst/o2 is a gated clock net sourced by a combinational pin arbiter_puf_fpga_v1_0_S00_AXI_inst/u_puf/genblk1[32].arbiterinst/genblk1[63].arbelinst/o2_INST_0/O, cell arbiter_puf_fpga_v1_0_S00_AXI_inst/u_puf/genblk1[32].arbiterinst/genblk1[63].arbelinst/o2_INST_0. This is not good design practice and will likely impact performance. For SLICE registers, for example, use the CE pin to control the loading of data.
Related violations: <none>

PDRC-153#27 Warning
Gated clock check  
Net arbiter_puf_fpga_v1_0_S00_AXI_inst/u_puf/genblk1[33].arbiterinst/genblk1[63].arbelinst/o2 is a gated clock net sourced by a combinational pin arbiter_puf_fpga_v1_0_S00_AXI_inst/u_puf/genblk1[33].arbiterinst/genblk1[63].arbelinst/o2_INST_0/O, cell arbiter_puf_fpga_v1_0_S00_AXI_inst/u_puf/genblk1[33].arbiterinst/genblk1[63].arbelinst/o2_INST_0. This is not good design practice and will likely impact performance. For SLICE registers, for example, use the CE pin to control the loading of data.
Related violations: <none>

PDRC-153#28 Warning
Gated clock check  
Net arbiter_puf_fpga_v1_0_S00_AXI_inst/u_puf/genblk1[34].arbiterinst/genblk1[63].arbelinst/o2 is a gated clock net sourced by a combinational pin arbiter_puf_fpga_v1_0_S00_AXI_inst/u_puf/genblk1[34].arbiterinst/genblk1[63].arbelinst/o2_INST_0/O, cell arbiter_puf_fpga_v1_0_S00_AXI_inst/u_puf/genblk1[34].arbiterinst/genblk1[63].arbelinst/o2_INST_0. This is not good design practice and will likely impact performance. For SLICE registers, for example, use the CE pin to control the loading of data.
Related violations: <none>

PDRC-153#29 Warning
Gated clock check  
Net arbiter_puf_fpga_v1_0_S00_AXI_inst/u_puf/genblk1[35].arbiterinst/genblk1[63].arbelinst/o2 is a gated clock net sourced by a combinational pin arbiter_puf_fpga_v1_0_S00_AXI_inst/u_puf/genblk1[35].arbiterinst/genblk1[63].arbelinst/o2_INST_0/O, cell arbiter_puf_fpga_v1_0_S00_AXI_inst/u_puf/genblk1[35].arbiterinst/genblk1[63].arbelinst/o2_INST_0. This is not good design practice and will likely impact performance. For SLICE registers, for example, use the CE pin to control the loading of data.
Related violations: <none>

PDRC-153#30 Warning
Gated clock check  
Net arbiter_puf_fpga_v1_0_S00_AXI_inst/u_puf/genblk1[36].arbiterinst/genblk1[63].arbelinst/o2 is a gated clock net sourced by a combinational pin arbiter_puf_fpga_v1_0_S00_AXI_inst/u_puf/genblk1[36].arbiterinst/genblk1[63].arbelinst/o2_INST_0/O, cell arbiter_puf_fpga_v1_0_S00_AXI_inst/u_puf/genblk1[36].arbiterinst/genblk1[63].arbelinst/o2_INST_0. This is not good design practice and will likely impact performance. For SLICE registers, for example, use the CE pin to control the loading of data.
Related violations: <none>

PDRC-153#31 Warning
Gated clock check  
Net arbiter_puf_fpga_v1_0_S00_AXI_inst/u_puf/genblk1[37].arbiterinst/genblk1[63].arbelinst/o2 is a gated clock net sourced by a combinational pin arbiter_puf_fpga_v1_0_S00_AXI_inst/u_puf/genblk1[37].arbiterinst/genblk1[63].arbelinst/o2_INST_0/O, cell arbiter_puf_fpga_v1_0_S00_AXI_inst/u_puf/genblk1[37].arbiterinst/genblk1[63].arbelinst/o2_INST_0. This is not good design practice and will likely impact performance. For SLICE registers, for example, use the CE pin to control the loading of data.
Related violations: <none>

PDRC-153#32 Warning
Gated clock check  
Net arbiter_puf_fpga_v1_0_S00_AXI_inst/u_puf/genblk1[38].arbiterinst/genblk1[63].arbelinst/o2 is a gated clock net sourced by a combinational pin arbiter_puf_fpga_v1_0_S00_AXI_inst/u_puf/genblk1[38].arbiterinst/genblk1[63].arbelinst/o2_INST_0/O, cell arbiter_puf_fpga_v1_0_S00_AXI_inst/u_puf/genblk1[38].arbiterinst/genblk1[63].arbelinst/o2_INST_0. This is not good design practice and will likely impact performance. For SLICE registers, for example, use the CE pin to control the loading of data.
Related violations: <none>

PDRC-153#33 Warning
Gated clock check  
Net arbiter_puf_fpga_v1_0_S00_AXI_inst/u_puf/genblk1[39].arbiterinst/genblk1[63].arbelinst/o2 is a gated clock net sourced by a combinational pin arbiter_puf_fpga_v1_0_S00_AXI_inst/u_puf/genblk1[39].arbiterinst/genblk1[63].arbelinst/o2_INST_0/O, cell arbiter_puf_fpga_v1_0_S00_AXI_inst/u_puf/genblk1[39].arbiterinst/genblk1[63].arbelinst/o2_INST_0. This is not good design practice and will likely impact performance. For SLICE registers, for example, use the CE pin to control the loading of data.
Related violations: <none>

PDRC-153#34 Warning
Gated clock check  
Net arbiter_puf_fpga_v1_0_S00_AXI_inst/u_puf/genblk1[3].arbiterinst/genblk1[63].arbelinst/o2 is a gated clock net sourced by a combinational pin arbiter_puf_fpga_v1_0_S00_AXI_inst/u_puf/genblk1[3].arbiterinst/genblk1[63].arbelinst/o2_INST_0/O, cell arbiter_puf_fpga_v1_0_S00_AXI_inst/u_puf/genblk1[3].arbiterinst/genblk1[63].arbelinst/o2_INST_0. This is not good design practice and will likely impact performance. For SLICE registers, for example, use the CE pin to control the loading of data.
Related violations: <none>

PDRC-153#35 Warning
Gated clock check  
Net arbiter_puf_fpga_v1_0_S00_AXI_inst/u_puf/genblk1[40].arbiterinst/genblk1[63].arbelinst/o2 is a gated clock net sourced by a combinational pin arbiter_puf_fpga_v1_0_S00_AXI_inst/u_puf/genblk1[40].arbiterinst/genblk1[63].arbelinst/o2_INST_0/O, cell arbiter_puf_fpga_v1_0_S00_AXI_inst/u_puf/genblk1[40].arbiterinst/genblk1[63].arbelinst/o2_INST_0. This is not good design practice and will likely impact performance. For SLICE registers, for example, use the CE pin to control the loading of data.
Related violations: <none>

PDRC-153#36 Warning
Gated clock check  
Net arbiter_puf_fpga_v1_0_S00_AXI_inst/u_puf/genblk1[41].arbiterinst/genblk1[63].arbelinst/o2 is a gated clock net sourced by a combinational pin arbiter_puf_fpga_v1_0_S00_AXI_inst/u_puf/genblk1[41].arbiterinst/genblk1[63].arbelinst/o2_INST_0/O, cell arbiter_puf_fpga_v1_0_S00_AXI_inst/u_puf/genblk1[41].arbiterinst/genblk1[63].arbelinst/o2_INST_0. This is not good design practice and will likely impact performance. For SLICE registers, for example, use the CE pin to control the loading of data.
Related violations: <none>

PDRC-153#37 Warning
Gated clock check  
Net arbiter_puf_fpga_v1_0_S00_AXI_inst/u_puf/genblk1[42].arbiterinst/genblk1[63].arbelinst/o2 is a gated clock net sourced by a combinational pin arbiter_puf_fpga_v1_0_S00_AXI_inst/u_puf/genblk1[42].arbiterinst/genblk1[63].arbelinst/o2_INST_0/O, cell arbiter_puf_fpga_v1_0_S00_AXI_inst/u_puf/genblk1[42].arbiterinst/genblk1[63].arbelinst/o2_INST_0. This is not good design practice and will likely impact performance. For SLICE registers, for example, use the CE pin to control the loading of data.
Related violations: <none>

PDRC-153#38 Warning
Gated clock check  
Net arbiter_puf_fpga_v1_0_S00_AXI_inst/u_puf/genblk1[43].arbiterinst/genblk1[63].arbelinst/o2 is a gated clock net sourced by a combinational pin arbiter_puf_fpga_v1_0_S00_AXI_inst/u_puf/genblk1[43].arbiterinst/genblk1[63].arbelinst/o2_INST_0/O, cell arbiter_puf_fpga_v1_0_S00_AXI_inst/u_puf/genblk1[43].arbiterinst/genblk1[63].arbelinst/o2_INST_0. This is not good design practice and will likely impact performance. For SLICE registers, for example, use the CE pin to control the loading of data.
Related violations: <none>

PDRC-153#39 Warning
Gated clock check  
Net arbiter_puf_fpga_v1_0_S00_AXI_inst/u_puf/genblk1[44].arbiterinst/genblk1[63].arbelinst/o2 is a gated clock net sourced by a combinational pin arbiter_puf_fpga_v1_0_S00_AXI_inst/u_puf/genblk1[44].arbiterinst/genblk1[63].arbelinst/o2_INST_0/O, cell arbiter_puf_fpga_v1_0_S00_AXI_inst/u_puf/genblk1[44].arbiterinst/genblk1[63].arbelinst/o2_INST_0. This is not good design practice and will likely impact performance. For SLICE registers, for example, use the CE pin to control the loading of data.
Related violations: <none>

PDRC-153#40 Warning
Gated clock check  
Net arbiter_puf_fpga_v1_0_S00_AXI_inst/u_puf/genblk1[45].arbiterinst/genblk1[63].arbelinst/o2 is a gated clock net sourced by a combinational pin arbiter_puf_fpga_v1_0_S00_AXI_inst/u_puf/genblk1[45].arbiterinst/genblk1[63].arbelinst/o2_INST_0/O, cell arbiter_puf_fpga_v1_0_S00_AXI_inst/u_puf/genblk1[45].arbiterinst/genblk1[63].arbelinst/o2_INST_0. This is not good design practice and will likely impact performance. For SLICE registers, for example, use the CE pin to control the loading of data.
Related violations: <none>

PDRC-153#41 Warning
Gated clock check  
Net arbiter_puf_fpga_v1_0_S00_AXI_inst/u_puf/genblk1[46].arbiterinst/genblk1[63].arbelinst/o2 is a gated clock net sourced by a combinational pin arbiter_puf_fpga_v1_0_S00_AXI_inst/u_puf/genblk1[46].arbiterinst/genblk1[63].arbelinst/o2_INST_0/O, cell arbiter_puf_fpga_v1_0_S00_AXI_inst/u_puf/genblk1[46].arbiterinst/genblk1[63].arbelinst/o2_INST_0. This is not good design practice and will likely impact performance. For SLICE registers, for example, use the CE pin to control the loading of data.
Related violations: <none>

PDRC-153#42 Warning
Gated clock check  
Net arbiter_puf_fpga_v1_0_S00_AXI_inst/u_puf/genblk1[47].arbiterinst/genblk1[63].arbelinst/o2 is a gated clock net sourced by a combinational pin arbiter_puf_fpga_v1_0_S00_AXI_inst/u_puf/genblk1[47].arbiterinst/genblk1[63].arbelinst/o2_INST_0/O, cell arbiter_puf_fpga_v1_0_S00_AXI_inst/u_puf/genblk1[47].arbiterinst/genblk1[63].arbelinst/o2_INST_0. This is not good design practice and will likely impact performance. For SLICE registers, for example, use the CE pin to control the loading of data.
Related violations: <none>

PDRC-153#43 Warning
Gated clock check  
Net arbiter_puf_fpga_v1_0_S00_AXI_inst/u_puf/genblk1[48].arbiterinst/genblk1[63].arbelinst/o2 is a gated clock net sourced by a combinational pin arbiter_puf_fpga_v1_0_S00_AXI_inst/u_puf/genblk1[48].arbiterinst/genblk1[63].arbelinst/o2_INST_0/O, cell arbiter_puf_fpga_v1_0_S00_AXI_inst/u_puf/genblk1[48].arbiterinst/genblk1[63].arbelinst/o2_INST_0. This is not good design practice and will likely impact performance. For SLICE registers, for example, use the CE pin to control the loading of data.
Related violations: <none>

PDRC-153#44 Warning
Gated clock check  
Net arbiter_puf_fpga_v1_0_S00_AXI_inst/u_puf/genblk1[49].arbiterinst/genblk1[63].arbelinst/o2 is a gated clock net sourced by a combinational pin arbiter_puf_fpga_v1_0_S00_AXI_inst/u_puf/genblk1[49].arbiterinst/genblk1[63].arbelinst/o2_INST_0/O, cell arbiter_puf_fpga_v1_0_S00_AXI_inst/u_puf/genblk1[49].arbiterinst/genblk1[63].arbelinst/o2_INST_0. This is not good design practice and will likely impact performance. For SLICE registers, for example, use the CE pin to control the loading of data.
Related violations: <none>

PDRC-153#45 Warning
Gated clock check  
Net arbiter_puf_fpga_v1_0_S00_AXI_inst/u_puf/genblk1[4].arbiterinst/genblk1[63].arbelinst/o2 is a gated clock net sourced by a combinational pin arbiter_puf_fpga_v1_0_S00_AXI_inst/u_puf/genblk1[4].arbiterinst/genblk1[63].arbelinst/o2_INST_0/O, cell arbiter_puf_fpga_v1_0_S00_AXI_inst/u_puf/genblk1[4].arbiterinst/genblk1[63].arbelinst/o2_INST_0. This is not good design practice and will likely impact performance. For SLICE registers, for example, use the CE pin to control the loading of data.
Related violations: <none>

PDRC-153#46 Warning
Gated clock check  
Net arbiter_puf_fpga_v1_0_S00_AXI_inst/u_puf/genblk1[50].arbiterinst/genblk1[63].arbelinst/o2 is a gated clock net sourced by a combinational pin arbiter_puf_fpga_v1_0_S00_AXI_inst/u_puf/genblk1[50].arbiterinst/genblk1[63].arbelinst/o2_INST_0/O, cell arbiter_puf_fpga_v1_0_S00_AXI_inst/u_puf/genblk1[50].arbiterinst/genblk1[63].arbelinst/o2_INST_0. This is not good design practice and will likely impact performance. For SLICE registers, for example, use the CE pin to control the loading of data.
Related violations: <none>

PDRC-153#47 Warning
Gated clock check  
Net arbiter_puf_fpga_v1_0_S00_AXI_inst/u_puf/genblk1[51].arbiterinst/genblk1[63].arbelinst/o2 is a gated clock net sourced by a combinational pin arbiter_puf_fpga_v1_0_S00_AXI_inst/u_puf/genblk1[51].arbiterinst/genblk1[63].arbelinst/o2_INST_0/O, cell arbiter_puf_fpga_v1_0_S00_AXI_inst/u_puf/genblk1[51].arbiterinst/genblk1[63].arbelinst/o2_INST_0. This is not good design practice and will likely impact performance. For SLICE registers, for example, use the CE pin to control the loading of data.
Related violations: <none>

PDRC-153#48 Warning
Gated clock check  
Net arbiter_puf_fpga_v1_0_S00_AXI_inst/u_puf/genblk1[52].arbiterinst/genblk1[63].arbelinst/o2 is a gated clock net sourced by a combinational pin arbiter_puf_fpga_v1_0_S00_AXI_inst/u_puf/genblk1[52].arbiterinst/genblk1[63].arbelinst/o2_INST_0/O, cell arbiter_puf_fpga_v1_0_S00_AXI_inst/u_puf/genblk1[52].arbiterinst/genblk1[63].arbelinst/o2_INST_0. This is not good design practice and will likely impact performance. For SLICE registers, for example, use the CE pin to control the loading of data.
Related violations: <none>

PDRC-153#49 Warning
Gated clock check  
Net arbiter_puf_fpga_v1_0_S00_AXI_inst/u_puf/genblk1[53].arbiterinst/genblk1[63].arbelinst/o2 is a gated clock net sourced by a combinational pin arbiter_puf_fpga_v1_0_S00_AXI_inst/u_puf/genblk1[53].arbiterinst/genblk1[63].arbelinst/o2_INST_0/O, cell arbiter_puf_fpga_v1_0_S00_AXI_inst/u_puf/genblk1[53].arbiterinst/genblk1[63].arbelinst/o2_INST_0. This is not good design practice and will likely impact performance. For SLICE registers, for example, use the CE pin to control the loading of data.
Related violations: <none>

PDRC-153#50 Warning
Gated clock check  
Net arbiter_puf_fpga_v1_0_S00_AXI_inst/u_puf/genblk1[54].arbiterinst/genblk1[63].arbelinst/o2 is a gated clock net sourced by a combinational pin arbiter_puf_fpga_v1_0_S00_AXI_inst/u_puf/genblk1[54].arbiterinst/genblk1[63].arbelinst/o2_INST_0/O, cell arbiter_puf_fpga_v1_0_S00_AXI_inst/u_puf/genblk1[54].arbiterinst/genblk1[63].arbelinst/o2_INST_0. This is not good design practice and will likely impact performance. For SLICE registers, for example, use the CE pin to control the loading of data.
Related violations: <none>

PDRC-153#51 Warning
Gated clock check  
Net arbiter_puf_fpga_v1_0_S00_AXI_inst/u_puf/genblk1[55].arbiterinst/genblk1[63].arbelinst/o2 is a gated clock net sourced by a combinational pin arbiter_puf_fpga_v1_0_S00_AXI_inst/u_puf/genblk1[55].arbiterinst/genblk1[63].arbelinst/o2_INST_0/O, cell arbiter_puf_fpga_v1_0_S00_AXI_inst/u_puf/genblk1[55].arbiterinst/genblk1[63].arbelinst/o2_INST_0. This is not good design practice and will likely impact performance. For SLICE registers, for example, use the CE pin to control the loading of data.
Related violations: <none>

PDRC-153#52 Warning
Gated clock check  
Net arbiter_puf_fpga_v1_0_S00_AXI_inst/u_puf/genblk1[56].arbiterinst/genblk1[63].arbelinst/o2 is a gated clock net sourced by a combinational pin arbiter_puf_fpga_v1_0_S00_AXI_inst/u_puf/genblk1[56].arbiterinst/genblk1[63].arbelinst/o2_INST_0/O, cell arbiter_puf_fpga_v1_0_S00_AXI_inst/u_puf/genblk1[56].arbiterinst/genblk1[63].arbelinst/o2_INST_0. This is not good design practice and will likely impact performance. For SLICE registers, for example, use the CE pin to control the loading of data.
Related violations: <none>

PDRC-153#53 Warning
Gated clock check  
Net arbiter_puf_fpga_v1_0_S00_AXI_inst/u_puf/genblk1[57].arbiterinst/genblk1[63].arbelinst/o2 is a gated clock net sourced by a combinational pin arbiter_puf_fpga_v1_0_S00_AXI_inst/u_puf/genblk1[57].arbiterinst/genblk1[63].arbelinst/o2_INST_0/O, cell arbiter_puf_fpga_v1_0_S00_AXI_inst/u_puf/genblk1[57].arbiterinst/genblk1[63].arbelinst/o2_INST_0. This is not good design practice and will likely impact performance. For SLICE registers, for example, use the CE pin to control the loading of data.
Related violations: <none>

PDRC-153#54 Warning
Gated clock check  
Net arbiter_puf_fpga_v1_0_S00_AXI_inst/u_puf/genblk1[58].arbiterinst/genblk1[63].arbelinst/o2 is a gated clock net sourced by a combinational pin arbiter_puf_fpga_v1_0_S00_AXI_inst/u_puf/genblk1[58].arbiterinst/genblk1[63].arbelinst/o2_INST_0/O, cell arbiter_puf_fpga_v1_0_S00_AXI_inst/u_puf/genblk1[58].arbiterinst/genblk1[63].arbelinst/o2_INST_0. This is not good design practice and will likely impact performance. For SLICE registers, for example, use the CE pin to control the loading of data.
Related violations: <none>

PDRC-153#55 Warning
Gated clock check  
Net arbiter_puf_fpga_v1_0_S00_AXI_inst/u_puf/genblk1[59].arbiterinst/genblk1[63].arbelinst/o2 is a gated clock net sourced by a combinational pin arbiter_puf_fpga_v1_0_S00_AXI_inst/u_puf/genblk1[59].arbiterinst/genblk1[63].arbelinst/o2_INST_0/O, cell arbiter_puf_fpga_v1_0_S00_AXI_inst/u_puf/genblk1[59].arbiterinst/genblk1[63].arbelinst/o2_INST_0. This is not good design practice and will likely impact performance. For SLICE registers, for example, use the CE pin to control the loading of data.
Related violations: <none>

PDRC-153#56 Warning
Gated clock check  
Net arbiter_puf_fpga_v1_0_S00_AXI_inst/u_puf/genblk1[5].arbiterinst/genblk1[63].arbelinst/o2 is a gated clock net sourced by a combinational pin arbiter_puf_fpga_v1_0_S00_AXI_inst/u_puf/genblk1[5].arbiterinst/genblk1[63].arbelinst/o2_INST_0/O, cell arbiter_puf_fpga_v1_0_S00_AXI_inst/u_puf/genblk1[5].arbiterinst/genblk1[63].arbelinst/o2_INST_0. This is not good design practice and will likely impact performance. For SLICE registers, for example, use the CE pin to control the loading of data.
Related violations: <none>

PDRC-153#57 Warning
Gated clock check  
Net arbiter_puf_fpga_v1_0_S00_AXI_inst/u_puf/genblk1[60].arbiterinst/genblk1[63].arbelinst/o2 is a gated clock net sourced by a combinational pin arbiter_puf_fpga_v1_0_S00_AXI_inst/u_puf/genblk1[60].arbiterinst/genblk1[63].arbelinst/o2_INST_0/O, cell arbiter_puf_fpga_v1_0_S00_AXI_inst/u_puf/genblk1[60].arbiterinst/genblk1[63].arbelinst/o2_INST_0. This is not good design practice and will likely impact performance. For SLICE registers, for example, use the CE pin to control the loading of data.
Related violations: <none>

PDRC-153#58 Warning
Gated clock check  
Net arbiter_puf_fpga_v1_0_S00_AXI_inst/u_puf/genblk1[61].arbiterinst/genblk1[63].arbelinst/o2 is a gated clock net sourced by a combinational pin arbiter_puf_fpga_v1_0_S00_AXI_inst/u_puf/genblk1[61].arbiterinst/genblk1[63].arbelinst/o2_INST_0/O, cell arbiter_puf_fpga_v1_0_S00_AXI_inst/u_puf/genblk1[61].arbiterinst/genblk1[63].arbelinst/o2_INST_0. This is not good design practice and will likely impact performance. For SLICE registers, for example, use the CE pin to control the loading of data.
Related violations: <none>

PDRC-153#59 Warning
Gated clock check  
Net arbiter_puf_fpga_v1_0_S00_AXI_inst/u_puf/genblk1[62].arbiterinst/genblk1[63].arbelinst/o2 is a gated clock net sourced by a combinational pin arbiter_puf_fpga_v1_0_S00_AXI_inst/u_puf/genblk1[62].arbiterinst/genblk1[63].arbelinst/o2_INST_0/O, cell arbiter_puf_fpga_v1_0_S00_AXI_inst/u_puf/genblk1[62].arbiterinst/genblk1[63].arbelinst/o2_INST_0. This is not good design practice and will likely impact performance. For SLICE registers, for example, use the CE pin to control the loading of data.
Related violations: <none>

PDRC-153#60 Warning
Gated clock check  
Net arbiter_puf_fpga_v1_0_S00_AXI_inst/u_puf/genblk1[63].arbiterinst/genblk1[63].arbelinst/o2 is a gated clock net sourced by a combinational pin arbiter_puf_fpga_v1_0_S00_AXI_inst/u_puf/genblk1[63].arbiterinst/genblk1[63].arbelinst/o2_INST_0/O, cell arbiter_puf_fpga_v1_0_S00_AXI_inst/u_puf/genblk1[63].arbiterinst/genblk1[63].arbelinst/o2_INST_0. This is not good design practice and will likely impact performance. For SLICE registers, for example, use the CE pin to control the loading of data.
Related violations: <none>

PDRC-153#61 Warning
Gated clock check  
Net arbiter_puf_fpga_v1_0_S00_AXI_inst/u_puf/genblk1[6].arbiterinst/genblk1[63].arbelinst/o2 is a gated clock net sourced by a combinational pin arbiter_puf_fpga_v1_0_S00_AXI_inst/u_puf/genblk1[6].arbiterinst/genblk1[63].arbelinst/o2_INST_0/O, cell arbiter_puf_fpga_v1_0_S00_AXI_inst/u_puf/genblk1[6].arbiterinst/genblk1[63].arbelinst/o2_INST_0. This is not good design practice and will likely impact performance. For SLICE registers, for example, use the CE pin to control the loading of data.
Related violations: <none>

PDRC-153#62 Warning
Gated clock check  
Net arbiter_puf_fpga_v1_0_S00_AXI_inst/u_puf/genblk1[7].arbiterinst/genblk1[63].arbelinst/o2 is a gated clock net sourced by a combinational pin arbiter_puf_fpga_v1_0_S00_AXI_inst/u_puf/genblk1[7].arbiterinst/genblk1[63].arbelinst/o2_INST_0/O, cell arbiter_puf_fpga_v1_0_S00_AXI_inst/u_puf/genblk1[7].arbiterinst/genblk1[63].arbelinst/o2_INST_0. This is not good design practice and will likely impact performance. For SLICE registers, for example, use the CE pin to control the loading of data.
Related violations: <none>

PDRC-153#63 Warning
Gated clock check  
Net arbiter_puf_fpga_v1_0_S00_AXI_inst/u_puf/genblk1[8].arbiterinst/genblk1[63].arbelinst/o2 is a gated clock net sourced by a combinational pin arbiter_puf_fpga_v1_0_S00_AXI_inst/u_puf/genblk1[8].arbiterinst/genblk1[63].arbelinst/o2_INST_0/O, cell arbiter_puf_fpga_v1_0_S00_AXI_inst/u_puf/genblk1[8].arbiterinst/genblk1[63].arbelinst/o2_INST_0. This is not good design practice and will likely impact performance. For SLICE registers, for example, use the CE pin to control the loading of data.
Related violations: <none>

PDRC-153#64 Warning
Gated clock check  
Net arbiter_puf_fpga_v1_0_S00_AXI_inst/u_puf/genblk1[9].arbiterinst/genblk1[63].arbelinst/o2 is a gated clock net sourced by a combinational pin arbiter_puf_fpga_v1_0_S00_AXI_inst/u_puf/genblk1[9].arbiterinst/genblk1[63].arbelinst/o2_INST_0/O, cell arbiter_puf_fpga_v1_0_S00_AXI_inst/u_puf/genblk1[9].arbiterinst/genblk1[63].arbelinst/o2_INST_0. This is not good design practice and will likely impact performance. For SLICE registers, for example, use the CE pin to control the loading of data.
Related violations: <none>

PLHOLDVIO-2#1 Warning
Non-Optimal connections which could lead to hold violations  
A LUT arbiter_puf_fpga_v1_0_S00_AXI_inst/u_puf/genblk1[0].arbiterinst/genblk1[63].arbelinst/o2_INST_0 is driving clock pin of 1 cells. This could lead to large hold time violations. Involved cells are:
arbiter_puf_fpga_v1_0_S00_AXI_inst/u_puf/genblk1[0].arbiterinst/d0/q_reg
Related violations: <none>

PLHOLDVIO-2#2 Warning
Non-Optimal connections which could lead to hold violations  
A LUT arbiter_puf_fpga_v1_0_S00_AXI_inst/u_puf/genblk1[10].arbiterinst/genblk1[63].arbelinst/o2_INST_0 is driving clock pin of 1 cells. This could lead to large hold time violations. Involved cells are:
arbiter_puf_fpga_v1_0_S00_AXI_inst/u_puf/genblk1[10].arbiterinst/d0/q_reg
Related violations: <none>

PLHOLDVIO-2#3 Warning
Non-Optimal connections which could lead to hold violations  
A LUT arbiter_puf_fpga_v1_0_S00_AXI_inst/u_puf/genblk1[11].arbiterinst/genblk1[63].arbelinst/o2_INST_0 is driving clock pin of 1 cells. This could lead to large hold time violations. Involved cells are:
arbiter_puf_fpga_v1_0_S00_AXI_inst/u_puf/genblk1[11].arbiterinst/d0/q_reg
Related violations: <none>

PLHOLDVIO-2#4 Warning
Non-Optimal connections which could lead to hold violations  
A LUT arbiter_puf_fpga_v1_0_S00_AXI_inst/u_puf/genblk1[12].arbiterinst/genblk1[63].arbelinst/o2_INST_0 is driving clock pin of 1 cells. This could lead to large hold time violations. Involved cells are:
arbiter_puf_fpga_v1_0_S00_AXI_inst/u_puf/genblk1[12].arbiterinst/d0/q_reg
Related violations: <none>

PLHOLDVIO-2#5 Warning
Non-Optimal connections which could lead to hold violations  
A LUT arbiter_puf_fpga_v1_0_S00_AXI_inst/u_puf/genblk1[13].arbiterinst/genblk1[63].arbelinst/o2_INST_0 is driving clock pin of 1 cells. This could lead to large hold time violations. Involved cells are:
arbiter_puf_fpga_v1_0_S00_AXI_inst/u_puf/genblk1[13].arbiterinst/d0/q_reg
Related violations: <none>

PLHOLDVIO-2#6 Warning
Non-Optimal connections which could lead to hold violations  
A LUT arbiter_puf_fpga_v1_0_S00_AXI_inst/u_puf/genblk1[14].arbiterinst/genblk1[63].arbelinst/o2_INST_0 is driving clock pin of 1 cells. This could lead to large hold time violations. Involved cells are:
arbiter_puf_fpga_v1_0_S00_AXI_inst/u_puf/genblk1[14].arbiterinst/d0/q_reg
Related violations: <none>

PLHOLDVIO-2#7 Warning
Non-Optimal connections which could lead to hold violations  
A LUT arbiter_puf_fpga_v1_0_S00_AXI_inst/u_puf/genblk1[15].arbiterinst/genblk1[63].arbelinst/o2_INST_0 is driving clock pin of 1 cells. This could lead to large hold time violations. Involved cells are:
arbiter_puf_fpga_v1_0_S00_AXI_inst/u_puf/genblk1[15].arbiterinst/d0/q_reg
Related violations: <none>

PLHOLDVIO-2#8 Warning
Non-Optimal connections which could lead to hold violations  
A LUT arbiter_puf_fpga_v1_0_S00_AXI_inst/u_puf/genblk1[16].arbiterinst/genblk1[63].arbelinst/o2_INST_0 is driving clock pin of 1 cells. This could lead to large hold time violations. Involved cells are:
arbiter_puf_fpga_v1_0_S00_AXI_inst/u_puf/genblk1[16].arbiterinst/d0/q_reg
Related violations: <none>

PLHOLDVIO-2#9 Warning
Non-Optimal connections which could lead to hold violations  
A LUT arbiter_puf_fpga_v1_0_S00_AXI_inst/u_puf/genblk1[17].arbiterinst/genblk1[63].arbelinst/o2_INST_0 is driving clock pin of 1 cells. This could lead to large hold time violations. Involved cells are:
arbiter_puf_fpga_v1_0_S00_AXI_inst/u_puf/genblk1[17].arbiterinst/d0/q_reg
Related violations: <none>

PLHOLDVIO-2#10 Warning
Non-Optimal connections which could lead to hold violations  
A LUT arbiter_puf_fpga_v1_0_S00_AXI_inst/u_puf/genblk1[18].arbiterinst/genblk1[63].arbelinst/o2_INST_0 is driving clock pin of 1 cells. This could lead to large hold time violations. Involved cells are:
arbiter_puf_fpga_v1_0_S00_AXI_inst/u_puf/genblk1[18].arbiterinst/d0/q_reg
Related violations: <none>

PLHOLDVIO-2#11 Warning
Non-Optimal connections which could lead to hold violations  
A LUT arbiter_puf_fpga_v1_0_S00_AXI_inst/u_puf/genblk1[19].arbiterinst/genblk1[63].arbelinst/o2_INST_0 is driving clock pin of 1 cells. This could lead to large hold time violations. Involved cells are:
arbiter_puf_fpga_v1_0_S00_AXI_inst/u_puf/genblk1[19].arbiterinst/d0/q_reg
Related violations: <none>

PLHOLDVIO-2#12 Warning
Non-Optimal connections which could lead to hold violations  
A LUT arbiter_puf_fpga_v1_0_S00_AXI_inst/u_puf/genblk1[1].arbiterinst/genblk1[63].arbelinst/o2_INST_0 is driving clock pin of 1 cells. This could lead to large hold time violations. Involved cells are:
arbiter_puf_fpga_v1_0_S00_AXI_inst/u_puf/genblk1[1].arbiterinst/d0/q_reg
Related violations: <none>

PLHOLDVIO-2#13 Warning
Non-Optimal connections which could lead to hold violations  
A LUT arbiter_puf_fpga_v1_0_S00_AXI_inst/u_puf/genblk1[20].arbiterinst/genblk1[63].arbelinst/o2_INST_0 is driving clock pin of 1 cells. This could lead to large hold time violations. Involved cells are:
arbiter_puf_fpga_v1_0_S00_AXI_inst/u_puf/genblk1[20].arbiterinst/d0/q_reg
Related violations: <none>

PLHOLDVIO-2#14 Warning
Non-Optimal connections which could lead to hold violations  
A LUT arbiter_puf_fpga_v1_0_S00_AXI_inst/u_puf/genblk1[21].arbiterinst/genblk1[63].arbelinst/o2_INST_0 is driving clock pin of 1 cells. This could lead to large hold time violations. Involved cells are:
arbiter_puf_fpga_v1_0_S00_AXI_inst/u_puf/genblk1[21].arbiterinst/d0/q_reg
Related violations: <none>

PLHOLDVIO-2#15 Warning
Non-Optimal connections which could lead to hold violations  
A LUT arbiter_puf_fpga_v1_0_S00_AXI_inst/u_puf/genblk1[22].arbiterinst/genblk1[63].arbelinst/o2_INST_0 is driving clock pin of 1 cells. This could lead to large hold time violations. Involved cells are:
arbiter_puf_fpga_v1_0_S00_AXI_inst/u_puf/genblk1[22].arbiterinst/d0/q_reg
Related violations: <none>

PLHOLDVIO-2#16 Warning
Non-Optimal connections which could lead to hold violations  
A LUT arbiter_puf_fpga_v1_0_S00_AXI_inst/u_puf/genblk1[23].arbiterinst/genblk1[63].arbelinst/o2_INST_0 is driving clock pin of 1 cells. This could lead to large hold time violations. Involved cells are:
arbiter_puf_fpga_v1_0_S00_AXI_inst/u_puf/genblk1[23].arbiterinst/d0/q_reg
Related violations: <none>

PLHOLDVIO-2#17 Warning
Non-Optimal connections which could lead to hold violations  
A LUT arbiter_puf_fpga_v1_0_S00_AXI_inst/u_puf/genblk1[24].arbiterinst/genblk1[63].arbelinst/o2_INST_0 is driving clock pin of 1 cells. This could lead to large hold time violations. Involved cells are:
arbiter_puf_fpga_v1_0_S00_AXI_inst/u_puf/genblk1[24].arbiterinst/d0/q_reg
Related violations: <none>

PLHOLDVIO-2#18 Warning
Non-Optimal connections which could lead to hold violations  
A LUT arbiter_puf_fpga_v1_0_S00_AXI_inst/u_puf/genblk1[25].arbiterinst/genblk1[63].arbelinst/o2_INST_0 is driving clock pin of 1 cells. This could lead to large hold time violations. Involved cells are:
arbiter_puf_fpga_v1_0_S00_AXI_inst/u_puf/genblk1[25].arbiterinst/d0/q_reg
Related violations: <none>

PLHOLDVIO-2#19 Warning
Non-Optimal connections which could lead to hold violations  
A LUT arbiter_puf_fpga_v1_0_S00_AXI_inst/u_puf/genblk1[26].arbiterinst/genblk1[63].arbelinst/o2_INST_0 is driving clock pin of 1 cells. This could lead to large hold time violations. Involved cells are:
arbiter_puf_fpga_v1_0_S00_AXI_inst/u_puf/genblk1[26].arbiterinst/d0/q_reg
Related violations: <none>

PLHOLDVIO-2#20 Warning
Non-Optimal connections which could lead to hold violations  
A LUT arbiter_puf_fpga_v1_0_S00_AXI_inst/u_puf/genblk1[27].arbiterinst/genblk1[63].arbelinst/o2_INST_0 is driving clock pin of 1 cells. This could lead to large hold time violations. Involved cells are:
arbiter_puf_fpga_v1_0_S00_AXI_inst/u_puf/genblk1[27].arbiterinst/d0/q_reg
Related violations: <none>

PLHOLDVIO-2#21 Warning
Non-Optimal connections which could lead to hold violations  
A LUT arbiter_puf_fpga_v1_0_S00_AXI_inst/u_puf/genblk1[28].arbiterinst/genblk1[63].arbelinst/o2_INST_0 is driving clock pin of 1 cells. This could lead to large hold time violations. Involved cells are:
arbiter_puf_fpga_v1_0_S00_AXI_inst/u_puf/genblk1[28].arbiterinst/d0/q_reg
Related violations: <none>

PLHOLDVIO-2#22 Warning
Non-Optimal connections which could lead to hold violations  
A LUT arbiter_puf_fpga_v1_0_S00_AXI_inst/u_puf/genblk1[29].arbiterinst/genblk1[63].arbelinst/o2_INST_0 is driving clock pin of 1 cells. This could lead to large hold time violations. Involved cells are:
arbiter_puf_fpga_v1_0_S00_AXI_inst/u_puf/genblk1[29].arbiterinst/d0/q_reg
Related violations: <none>

PLHOLDVIO-2#23 Warning
Non-Optimal connections which could lead to hold violations  
A LUT arbiter_puf_fpga_v1_0_S00_AXI_inst/u_puf/genblk1[2].arbiterinst/genblk1[63].arbelinst/o2_INST_0 is driving clock pin of 1 cells. This could lead to large hold time violations. Involved cells are:
arbiter_puf_fpga_v1_0_S00_AXI_inst/u_puf/genblk1[2].arbiterinst/d0/q_reg
Related violations: <none>

PLHOLDVIO-2#24 Warning
Non-Optimal connections which could lead to hold violations  
A LUT arbiter_puf_fpga_v1_0_S00_AXI_inst/u_puf/genblk1[30].arbiterinst/genblk1[63].arbelinst/o2_INST_0 is driving clock pin of 1 cells. This could lead to large hold time violations. Involved cells are:
arbiter_puf_fpga_v1_0_S00_AXI_inst/u_puf/genblk1[30].arbiterinst/d0/q_reg
Related violations: <none>

PLHOLDVIO-2#25 Warning
Non-Optimal connections which could lead to hold violations  
A LUT arbiter_puf_fpga_v1_0_S00_AXI_inst/u_puf/genblk1[31].arbiterinst/genblk1[63].arbelinst/o2_INST_0 is driving clock pin of 1 cells. This could lead to large hold time violations. Involved cells are:
arbiter_puf_fpga_v1_0_S00_AXI_inst/u_puf/genblk1[31].arbiterinst/d0/q_reg
Related violations: <none>

PLHOLDVIO-2#26 Warning
Non-Optimal connections which could lead to hold violations  
A LUT arbiter_puf_fpga_v1_0_S00_AXI_inst/u_puf/genblk1[32].arbiterinst/genblk1[63].arbelinst/o2_INST_0 is driving clock pin of 1 cells. This could lead to large hold time violations. Involved cells are:
arbiter_puf_fpga_v1_0_S00_AXI_inst/u_puf/genblk1[32].arbiterinst/d0/q_reg
Related violations: <none>

PLHOLDVIO-2#27 Warning
Non-Optimal connections which could lead to hold violations  
A LUT arbiter_puf_fpga_v1_0_S00_AXI_inst/u_puf/genblk1[33].arbiterinst/genblk1[63].arbelinst/o2_INST_0 is driving clock pin of 1 cells. This could lead to large hold time violations. Involved cells are:
arbiter_puf_fpga_v1_0_S00_AXI_inst/u_puf/genblk1[33].arbiterinst/d0/q_reg
Related violations: <none>

PLHOLDVIO-2#28 Warning
Non-Optimal connections which could lead to hold violations  
A LUT arbiter_puf_fpga_v1_0_S00_AXI_inst/u_puf/genblk1[34].arbiterinst/genblk1[63].arbelinst/o2_INST_0 is driving clock pin of 1 cells. This could lead to large hold time violations. Involved cells are:
arbiter_puf_fpga_v1_0_S00_AXI_inst/u_puf/genblk1[34].arbiterinst/d0/q_reg
Related violations: <none>

PLHOLDVIO-2#29 Warning
Non-Optimal connections which could lead to hold violations  
A LUT arbiter_puf_fpga_v1_0_S00_AXI_inst/u_puf/genblk1[35].arbiterinst/genblk1[63].arbelinst/o2_INST_0 is driving clock pin of 1 cells. This could lead to large hold time violations. Involved cells are:
arbiter_puf_fpga_v1_0_S00_AXI_inst/u_puf/genblk1[35].arbiterinst/d0/q_reg
Related violations: <none>

PLHOLDVIO-2#30 Warning
Non-Optimal connections which could lead to hold violations  
A LUT arbiter_puf_fpga_v1_0_S00_AXI_inst/u_puf/genblk1[36].arbiterinst/genblk1[63].arbelinst/o2_INST_0 is driving clock pin of 1 cells. This could lead to large hold time violations. Involved cells are:
arbiter_puf_fpga_v1_0_S00_AXI_inst/u_puf/genblk1[36].arbiterinst/d0/q_reg
Related violations: <none>

PLHOLDVIO-2#31 Warning
Non-Optimal connections which could lead to hold violations  
A LUT arbiter_puf_fpga_v1_0_S00_AXI_inst/u_puf/genblk1[37].arbiterinst/genblk1[63].arbelinst/o2_INST_0 is driving clock pin of 1 cells. This could lead to large hold time violations. Involved cells are:
arbiter_puf_fpga_v1_0_S00_AXI_inst/u_puf/genblk1[37].arbiterinst/d0/q_reg
Related violations: <none>

PLHOLDVIO-2#32 Warning
Non-Optimal connections which could lead to hold violations  
A LUT arbiter_puf_fpga_v1_0_S00_AXI_inst/u_puf/genblk1[38].arbiterinst/genblk1[63].arbelinst/o2_INST_0 is driving clock pin of 1 cells. This could lead to large hold time violations. Involved cells are:
arbiter_puf_fpga_v1_0_S00_AXI_inst/u_puf/genblk1[38].arbiterinst/d0/q_reg
Related violations: <none>

PLHOLDVIO-2#33 Warning
Non-Optimal connections which could lead to hold violations  
A LUT arbiter_puf_fpga_v1_0_S00_AXI_inst/u_puf/genblk1[39].arbiterinst/genblk1[63].arbelinst/o2_INST_0 is driving clock pin of 1 cells. This could lead to large hold time violations. Involved cells are:
arbiter_puf_fpga_v1_0_S00_AXI_inst/u_puf/genblk1[39].arbiterinst/d0/q_reg
Related violations: <none>

PLHOLDVIO-2#34 Warning
Non-Optimal connections which could lead to hold violations  
A LUT arbiter_puf_fpga_v1_0_S00_AXI_inst/u_puf/genblk1[3].arbiterinst/genblk1[63].arbelinst/o2_INST_0 is driving clock pin of 1 cells. This could lead to large hold time violations. Involved cells are:
arbiter_puf_fpga_v1_0_S00_AXI_inst/u_puf/genblk1[3].arbiterinst/d0/q_reg
Related violations: <none>

PLHOLDVIO-2#35 Warning
Non-Optimal connections which could lead to hold violations  
A LUT arbiter_puf_fpga_v1_0_S00_AXI_inst/u_puf/genblk1[40].arbiterinst/genblk1[63].arbelinst/o2_INST_0 is driving clock pin of 1 cells. This could lead to large hold time violations. Involved cells are:
arbiter_puf_fpga_v1_0_S00_AXI_inst/u_puf/genblk1[40].arbiterinst/d0/q_reg
Related violations: <none>

PLHOLDVIO-2#36 Warning
Non-Optimal connections which could lead to hold violations  
A LUT arbiter_puf_fpga_v1_0_S00_AXI_inst/u_puf/genblk1[41].arbiterinst/genblk1[63].arbelinst/o2_INST_0 is driving clock pin of 1 cells. This could lead to large hold time violations. Involved cells are:
arbiter_puf_fpga_v1_0_S00_AXI_inst/u_puf/genblk1[41].arbiterinst/d0/q_reg
Related violations: <none>

PLHOLDVIO-2#37 Warning
Non-Optimal connections which could lead to hold violations  
A LUT arbiter_puf_fpga_v1_0_S00_AXI_inst/u_puf/genblk1[42].arbiterinst/genblk1[63].arbelinst/o2_INST_0 is driving clock pin of 1 cells. This could lead to large hold time violations. Involved cells are:
arbiter_puf_fpga_v1_0_S00_AXI_inst/u_puf/genblk1[42].arbiterinst/d0/q_reg
Related violations: <none>

PLHOLDVIO-2#38 Warning
Non-Optimal connections which could lead to hold violations  
A LUT arbiter_puf_fpga_v1_0_S00_AXI_inst/u_puf/genblk1[43].arbiterinst/genblk1[63].arbelinst/o2_INST_0 is driving clock pin of 1 cells. This could lead to large hold time violations. Involved cells are:
arbiter_puf_fpga_v1_0_S00_AXI_inst/u_puf/genblk1[43].arbiterinst/d0/q_reg
Related violations: <none>

PLHOLDVIO-2#39 Warning
Non-Optimal connections which could lead to hold violations  
A LUT arbiter_puf_fpga_v1_0_S00_AXI_inst/u_puf/genblk1[44].arbiterinst/genblk1[63].arbelinst/o2_INST_0 is driving clock pin of 1 cells. This could lead to large hold time violations. Involved cells are:
arbiter_puf_fpga_v1_0_S00_AXI_inst/u_puf/genblk1[44].arbiterinst/d0/q_reg
Related violations: <none>

PLHOLDVIO-2#40 Warning
Non-Optimal connections which could lead to hold violations  
A LUT arbiter_puf_fpga_v1_0_S00_AXI_inst/u_puf/genblk1[45].arbiterinst/genblk1[63].arbelinst/o2_INST_0 is driving clock pin of 1 cells. This could lead to large hold time violations. Involved cells are:
arbiter_puf_fpga_v1_0_S00_AXI_inst/u_puf/genblk1[45].arbiterinst/d0/q_reg
Related violations: <none>

PLHOLDVIO-2#41 Warning
Non-Optimal connections which could lead to hold violations  
A LUT arbiter_puf_fpga_v1_0_S00_AXI_inst/u_puf/genblk1[46].arbiterinst/genblk1[63].arbelinst/o2_INST_0 is driving clock pin of 1 cells. This could lead to large hold time violations. Involved cells are:
arbiter_puf_fpga_v1_0_S00_AXI_inst/u_puf/genblk1[46].arbiterinst/d0/q_reg
Related violations: <none>

PLHOLDVIO-2#42 Warning
Non-Optimal connections which could lead to hold violations  
A LUT arbiter_puf_fpga_v1_0_S00_AXI_inst/u_puf/genblk1[47].arbiterinst/genblk1[63].arbelinst/o2_INST_0 is driving clock pin of 1 cells. This could lead to large hold time violations. Involved cells are:
arbiter_puf_fpga_v1_0_S00_AXI_inst/u_puf/genblk1[47].arbiterinst/d0/q_reg
Related violations: <none>

PLHOLDVIO-2#43 Warning
Non-Optimal connections which could lead to hold violations  
A LUT arbiter_puf_fpga_v1_0_S00_AXI_inst/u_puf/genblk1[48].arbiterinst/genblk1[63].arbelinst/o2_INST_0 is driving clock pin of 1 cells. This could lead to large hold time violations. Involved cells are:
arbiter_puf_fpga_v1_0_S00_AXI_inst/u_puf/genblk1[48].arbiterinst/d0/q_reg
Related violations: <none>

PLHOLDVIO-2#44 Warning
Non-Optimal connections which could lead to hold violations  
A LUT arbiter_puf_fpga_v1_0_S00_AXI_inst/u_puf/genblk1[49].arbiterinst/genblk1[63].arbelinst/o2_INST_0 is driving clock pin of 1 cells. This could lead to large hold time violations. Involved cells are:
arbiter_puf_fpga_v1_0_S00_AXI_inst/u_puf/genblk1[49].arbiterinst/d0/q_reg
Related violations: <none>

PLHOLDVIO-2#45 Warning
Non-Optimal connections which could lead to hold violations  
A LUT arbiter_puf_fpga_v1_0_S00_AXI_inst/u_puf/genblk1[4].arbiterinst/genblk1[63].arbelinst/o2_INST_0 is driving clock pin of 1 cells. This could lead to large hold time violations. Involved cells are:
arbiter_puf_fpga_v1_0_S00_AXI_inst/u_puf/genblk1[4].arbiterinst/d0/q_reg
Related violations: <none>

PLHOLDVIO-2#46 Warning
Non-Optimal connections which could lead to hold violations  
A LUT arbiter_puf_fpga_v1_0_S00_AXI_inst/u_puf/genblk1[50].arbiterinst/genblk1[63].arbelinst/o2_INST_0 is driving clock pin of 1 cells. This could lead to large hold time violations. Involved cells are:
arbiter_puf_fpga_v1_0_S00_AXI_inst/u_puf/genblk1[50].arbiterinst/d0/q_reg
Related violations: <none>

PLHOLDVIO-2#47 Warning
Non-Optimal connections which could lead to hold violations  
A LUT arbiter_puf_fpga_v1_0_S00_AXI_inst/u_puf/genblk1[51].arbiterinst/genblk1[63].arbelinst/o2_INST_0 is driving clock pin of 1 cells. This could lead to large hold time violations. Involved cells are:
arbiter_puf_fpga_v1_0_S00_AXI_inst/u_puf/genblk1[51].arbiterinst/d0/q_reg
Related violations: <none>

PLHOLDVIO-2#48 Warning
Non-Optimal connections which could lead to hold violations  
A LUT arbiter_puf_fpga_v1_0_S00_AXI_inst/u_puf/genblk1[52].arbiterinst/genblk1[63].arbelinst/o2_INST_0 is driving clock pin of 1 cells. This could lead to large hold time violations. Involved cells are:
arbiter_puf_fpga_v1_0_S00_AXI_inst/u_puf/genblk1[52].arbiterinst/d0/q_reg
Related violations: <none>

PLHOLDVIO-2#49 Warning
Non-Optimal connections which could lead to hold violations  
A LUT arbiter_puf_fpga_v1_0_S00_AXI_inst/u_puf/genblk1[53].arbiterinst/genblk1[63].arbelinst/o2_INST_0 is driving clock pin of 1 cells. This could lead to large hold time violations. Involved cells are:
arbiter_puf_fpga_v1_0_S00_AXI_inst/u_puf/genblk1[53].arbiterinst/d0/q_reg
Related violations: <none>

PLHOLDVIO-2#50 Warning
Non-Optimal connections which could lead to hold violations  
A LUT arbiter_puf_fpga_v1_0_S00_AXI_inst/u_puf/genblk1[54].arbiterinst/genblk1[63].arbelinst/o2_INST_0 is driving clock pin of 1 cells. This could lead to large hold time violations. Involved cells are:
arbiter_puf_fpga_v1_0_S00_AXI_inst/u_puf/genblk1[54].arbiterinst/d0/q_reg
Related violations: <none>

PLHOLDVIO-2#51 Warning
Non-Optimal connections which could lead to hold violations  
A LUT arbiter_puf_fpga_v1_0_S00_AXI_inst/u_puf/genblk1[55].arbiterinst/genblk1[63].arbelinst/o2_INST_0 is driving clock pin of 1 cells. This could lead to large hold time violations. Involved cells are:
arbiter_puf_fpga_v1_0_S00_AXI_inst/u_puf/genblk1[55].arbiterinst/d0/q_reg
Related violations: <none>

PLHOLDVIO-2#52 Warning
Non-Optimal connections which could lead to hold violations  
A LUT arbiter_puf_fpga_v1_0_S00_AXI_inst/u_puf/genblk1[56].arbiterinst/genblk1[63].arbelinst/o2_INST_0 is driving clock pin of 1 cells. This could lead to large hold time violations. Involved cells are:
arbiter_puf_fpga_v1_0_S00_AXI_inst/u_puf/genblk1[56].arbiterinst/d0/q_reg
Related violations: <none>

PLHOLDVIO-2#53 Warning
Non-Optimal connections which could lead to hold violations  
A LUT arbiter_puf_fpga_v1_0_S00_AXI_inst/u_puf/genblk1[57].arbiterinst/genblk1[63].arbelinst/o2_INST_0 is driving clock pin of 1 cells. This could lead to large hold time violations. Involved cells are:
arbiter_puf_fpga_v1_0_S00_AXI_inst/u_puf/genblk1[57].arbiterinst/d0/q_reg
Related violations: <none>

PLHOLDVIO-2#54 Warning
Non-Optimal connections which could lead to hold violations  
A LUT arbiter_puf_fpga_v1_0_S00_AXI_inst/u_puf/genblk1[58].arbiterinst/genblk1[63].arbelinst/o2_INST_0 is driving clock pin of 1 cells. This could lead to large hold time violations. Involved cells are:
arbiter_puf_fpga_v1_0_S00_AXI_inst/u_puf/genblk1[58].arbiterinst/d0/q_reg
Related violations: <none>

PLHOLDVIO-2#55 Warning
Non-Optimal connections which could lead to hold violations  
A LUT arbiter_puf_fpga_v1_0_S00_AXI_inst/u_puf/genblk1[59].arbiterinst/genblk1[63].arbelinst/o2_INST_0 is driving clock pin of 1 cells. This could lead to large hold time violations. Involved cells are:
arbiter_puf_fpga_v1_0_S00_AXI_inst/u_puf/genblk1[59].arbiterinst/d0/q_reg
Related violations: <none>

PLHOLDVIO-2#56 Warning
Non-Optimal connections which could lead to hold violations  
A LUT arbiter_puf_fpga_v1_0_S00_AXI_inst/u_puf/genblk1[5].arbiterinst/genblk1[63].arbelinst/o2_INST_0 is driving clock pin of 1 cells. This could lead to large hold time violations. Involved cells are:
arbiter_puf_fpga_v1_0_S00_AXI_inst/u_puf/genblk1[5].arbiterinst/d0/q_reg
Related violations: <none>

PLHOLDVIO-2#57 Warning
Non-Optimal connections which could lead to hold violations  
A LUT arbiter_puf_fpga_v1_0_S00_AXI_inst/u_puf/genblk1[60].arbiterinst/genblk1[63].arbelinst/o2_INST_0 is driving clock pin of 1 cells. This could lead to large hold time violations. Involved cells are:
arbiter_puf_fpga_v1_0_S00_AXI_inst/u_puf/genblk1[60].arbiterinst/d0/q_reg
Related violations: <none>

PLHOLDVIO-2#58 Warning
Non-Optimal connections which could lead to hold violations  
A LUT arbiter_puf_fpga_v1_0_S00_AXI_inst/u_puf/genblk1[61].arbiterinst/genblk1[63].arbelinst/o2_INST_0 is driving clock pin of 1 cells. This could lead to large hold time violations. Involved cells are:
arbiter_puf_fpga_v1_0_S00_AXI_inst/u_puf/genblk1[61].arbiterinst/d0/q_reg
Related violations: <none>

PLHOLDVIO-2#59 Warning
Non-Optimal connections which could lead to hold violations  
A LUT arbiter_puf_fpga_v1_0_S00_AXI_inst/u_puf/genblk1[62].arbiterinst/genblk1[63].arbelinst/o2_INST_0 is driving clock pin of 1 cells. This could lead to large hold time violations. Involved cells are:
arbiter_puf_fpga_v1_0_S00_AXI_inst/u_puf/genblk1[62].arbiterinst/d0/q_reg
Related violations: <none>

PLHOLDVIO-2#60 Warning
Non-Optimal connections which could lead to hold violations  
A LUT arbiter_puf_fpga_v1_0_S00_AXI_inst/u_puf/genblk1[63].arbiterinst/genblk1[63].arbelinst/o2_INST_0 is driving clock pin of 1 cells. This could lead to large hold time violations. Involved cells are:
arbiter_puf_fpga_v1_0_S00_AXI_inst/u_puf/genblk1[63].arbiterinst/d0/q_reg
Related violations: <none>

PLHOLDVIO-2#61 Warning
Non-Optimal connections which could lead to hold violations  
A LUT arbiter_puf_fpga_v1_0_S00_AXI_inst/u_puf/genblk1[6].arbiterinst/genblk1[63].arbelinst/o2_INST_0 is driving clock pin of 1 cells. This could lead to large hold time violations. Involved cells are:
arbiter_puf_fpga_v1_0_S00_AXI_inst/u_puf/genblk1[6].arbiterinst/d0/q_reg
Related violations: <none>

PLHOLDVIO-2#62 Warning
Non-Optimal connections which could lead to hold violations  
A LUT arbiter_puf_fpga_v1_0_S00_AXI_inst/u_puf/genblk1[7].arbiterinst/genblk1[63].arbelinst/o2_INST_0 is driving clock pin of 1 cells. This could lead to large hold time violations. Involved cells are:
arbiter_puf_fpga_v1_0_S00_AXI_inst/u_puf/genblk1[7].arbiterinst/d0/q_reg
Related violations: <none>

PLHOLDVIO-2#63 Warning
Non-Optimal connections which could lead to hold violations  
A LUT arbiter_puf_fpga_v1_0_S00_AXI_inst/u_puf/genblk1[8].arbiterinst/genblk1[63].arbelinst/o2_INST_0 is driving clock pin of 1 cells. This could lead to large hold time violations. Involved cells are:
arbiter_puf_fpga_v1_0_S00_AXI_inst/u_puf/genblk1[8].arbiterinst/d0/q_reg
Related violations: <none>

PLHOLDVIO-2#64 Warning
Non-Optimal connections which could lead to hold violations  
A LUT arbiter_puf_fpga_v1_0_S00_AXI_inst/u_puf/genblk1[9].arbiterinst/genblk1[63].arbelinst/o2_INST_0 is driving clock pin of 1 cells. This could lead to large hold time violations. Involved cells are:
arbiter_puf_fpga_v1_0_S00_AXI_inst/u_puf/genblk1[9].arbiterinst/d0/q_reg
Related violations: <none>

RTSTAT-10#1 Warning
No routable loads  
64 net(s) have no routable loads. The problem bus(es) and/or net(s) are arbiter_puf_fpga_v1_0_S00_AXI_inst/u_puf/genblk1[11].arbiterinst/d0/z,
arbiter_puf_fpga_v1_0_S00_AXI_inst/u_puf/genblk1[13].arbiterinst/d0/z,
arbiter_puf_fpga_v1_0_S00_AXI_inst/u_puf/genblk1[14].arbiterinst/d0/z,
arbiter_puf_fpga_v1_0_S00_AXI_inst/u_puf/genblk1[17].arbiterinst/d0/z,
arbiter_puf_fpga_v1_0_S00_AXI_inst/u_puf/genblk1[19].arbiterinst/d0/z,
arbiter_puf_fpga_v1_0_S00_AXI_inst/u_puf/genblk1[23].arbiterinst/d0/z,
arbiter_puf_fpga_v1_0_S00_AXI_inst/u_puf/genblk1[24].arbiterinst/d0/z,
arbiter_puf_fpga_v1_0_S00_AXI_inst/u_puf/genblk1[28].arbiterinst/d0/z,
arbiter_puf_fpga_v1_0_S00_AXI_inst/u_puf/genblk1[37].arbiterinst/d0/z,
arbiter_puf_fpga_v1_0_S00_AXI_inst/u_puf/genblk1[40].arbiterinst/d0/z,
arbiter_puf_fpga_v1_0_S00_AXI_inst/u_puf/genblk1[46].arbiterinst/d0/z,
arbiter_puf_fpga_v1_0_S00_AXI_inst/u_puf/genblk1[53].arbiterinst/d0/z,
arbiter_puf_fpga_v1_0_S00_AXI_inst/u_puf/genblk1[59].arbiterinst/d0/z,
arbiter_puf_fpga_v1_0_S00_AXI_inst/u_puf/genblk1[63].arbiterinst/d0/z,
arbiter_puf_fpga_v1_0_S00_AXI_inst/u_puf/genblk1[8].arbiterinst/d0/z
 (the first 15 of 64 listed).
Related violations: <none>

ZPS7-1#1 Warning
PS7 block required  
The PS7 cell must be used in this Zynq design in order to enable correct default configuration.
Related violations: <none>


