Copyright 1986-2020 Xilinx, Inc. All Rights Reserved.
---------------------------------------------------------------------------------------------------------------------------------------
| Tool Version : Vivado v.2020.2 (win64) Build 3064766 Wed Nov 18 09:12:45 MST 2020
| Date         : Tue Jul  8 16:14:58 2025
| Host         : MSI running 64-bit major release  (build 9200)
| Command      : report_drc -file design_2_wrapper_drc_opted.rpt -pb design_2_wrapper_drc_opted.pb -rpx design_2_wrapper_drc_opted.rpx
| Design       : design_2_wrapper
| Device       : xc7z020clg400-1
| Speed File   : -1
| Design State : Synthesized
---------------------------------------------------------------------------------------------------------------------------------------

Report DRC

Table of Contents
-----------------
1. REPORT SUMMARY
2. REPORT DETAILS

1. REPORT SUMMARY
-----------------
            Netlist: netlist
          Floorplan: design_1
      Design limits: <entire design considered>
           Ruledeck: default
             Max violations: <unlimited>
             Violations found: 64
+-------------+----------+-------------------------------------------------------------+------------+
| Rule        | Severity | Description                                                 | Violations |
+-------------+----------+-------------------------------------------------------------+------------+
| PLHOLDVIO-2 | Warning  | Non-Optimal connections which could lead to hold violations | 64         |
+-------------+----------+-------------------------------------------------------------+------------+

2. REPORT DETAILS
-----------------
PLHOLDVIO-2#1 Warning
Non-Optimal connections which could lead to hold violations  
A LUT design_2_i/arbiter_puf_fpga_0/inst/arbiter_puf_fpga_v1_0_S00_AXI_inst/u_puf/genblk1[0].arbiterinst/genblk1[63].arbelinst/o2_INST_0 is driving clock pin of 1 cells. This could lead to large hold time violations. Involved cells are:
design_2_i/arbiter_puf_fpga_0/inst/arbiter_puf_fpga_v1_0_S00_AXI_inst/u_puf/genblk1[0].arbiterinst/d0/q_reg
Related violations: <none>

PLHOLDVIO-2#2 Warning
Non-Optimal connections which could lead to hold violations  
A LUT design_2_i/arbiter_puf_fpga_0/inst/arbiter_puf_fpga_v1_0_S00_AXI_inst/u_puf/genblk1[10].arbiterinst/genblk1[63].arbelinst/o2_INST_0 is driving clock pin of 1 cells. This could lead to large hold time violations. Involved cells are:
design_2_i/arbiter_puf_fpga_0/inst/arbiter_puf_fpga_v1_0_S00_AXI_inst/u_puf/genblk1[10].arbiterinst/d0/q_reg
Related violations: <none>

PLHOLDVIO-2#3 Warning
Non-Optimal connections which could lead to hold violations  
A LUT design_2_i/arbiter_puf_fpga_0/inst/arbiter_puf_fpga_v1_0_S00_AXI_inst/u_puf/genblk1[11].arbiterinst/genblk1[63].arbelinst/o2_INST_0 is driving clock pin of 1 cells. This could lead to large hold time violations. Involved cells are:
design_2_i/arbiter_puf_fpga_0/inst/arbiter_puf_fpga_v1_0_S00_AXI_inst/u_puf/genblk1[11].arbiterinst/d0/q_reg
Related violations: <none>

PLHOLDVIO-2#4 Warning
Non-Optimal connections which could lead to hold violations  
A LUT design_2_i/arbiter_puf_fpga_0/inst/arbiter_puf_fpga_v1_0_S00_AXI_inst/u_puf/genblk1[12].arbiterinst/genblk1[63].arbelinst/o2_INST_0 is driving clock pin of 1 cells. This could lead to large hold time violations. Involved cells are:
design_2_i/arbiter_puf_fpga_0/inst/arbiter_puf_fpga_v1_0_S00_AXI_inst/u_puf/genblk1[12].arbiterinst/d0/q_reg
Related violations: <none>

PLHOLDVIO-2#5 Warning
Non-Optimal connections which could lead to hold violations  
A LUT design_2_i/arbiter_puf_fpga_0/inst/arbiter_puf_fpga_v1_0_S00_AXI_inst/u_puf/genblk1[13].arbiterinst/genblk1[63].arbelinst/o2_INST_0 is driving clock pin of 1 cells. This could lead to large hold time violations. Involved cells are:
design_2_i/arbiter_puf_fpga_0/inst/arbiter_puf_fpga_v1_0_S00_AXI_inst/u_puf/genblk1[13].arbiterinst/d0/q_reg
Related violations: <none>

PLHOLDVIO-2#6 Warning
Non-Optimal connections which could lead to hold violations  
A LUT design_2_i/arbiter_puf_fpga_0/inst/arbiter_puf_fpga_v1_0_S00_AXI_inst/u_puf/genblk1[14].arbiterinst/genblk1[63].arbelinst/o2_INST_0 is driving clock pin of 1 cells. This could lead to large hold time violations. Involved cells are:
design_2_i/arbiter_puf_fpga_0/inst/arbiter_puf_fpga_v1_0_S00_AXI_inst/u_puf/genblk1[14].arbiterinst/d0/q_reg
Related violations: <none>

PLHOLDVIO-2#7 Warning
Non-Optimal connections which could lead to hold violations  
A LUT design_2_i/arbiter_puf_fpga_0/inst/arbiter_puf_fpga_v1_0_S00_AXI_inst/u_puf/genblk1[15].arbiterinst/genblk1[63].arbelinst/o2_INST_0 is driving clock pin of 1 cells. This could lead to large hold time violations. Involved cells are:
design_2_i/arbiter_puf_fpga_0/inst/arbiter_puf_fpga_v1_0_S00_AXI_inst/u_puf/genblk1[15].arbiterinst/d0/q_reg
Related violations: <none>

PLHOLDVIO-2#8 Warning
Non-Optimal connections which could lead to hold violations  
A LUT design_2_i/arbiter_puf_fpga_0/inst/arbiter_puf_fpga_v1_0_S00_AXI_inst/u_puf/genblk1[16].arbiterinst/genblk1[63].arbelinst/o2_INST_0 is driving clock pin of 1 cells. This could lead to large hold time violations. Involved cells are:
design_2_i/arbiter_puf_fpga_0/inst/arbiter_puf_fpga_v1_0_S00_AXI_inst/u_puf/genblk1[16].arbiterinst/d0/q_reg
Related violations: <none>

PLHOLDVIO-2#9 Warning
Non-Optimal connections which could lead to hold violations  
A LUT design_2_i/arbiter_puf_fpga_0/inst/arbiter_puf_fpga_v1_0_S00_AXI_inst/u_puf/genblk1[17].arbiterinst/genblk1[63].arbelinst/o2_INST_0 is driving clock pin of 1 cells. This could lead to large hold time violations. Involved cells are:
design_2_i/arbiter_puf_fpga_0/inst/arbiter_puf_fpga_v1_0_S00_AXI_inst/u_puf/genblk1[17].arbiterinst/d0/q_reg
Related violations: <none>

PLHOLDVIO-2#10 Warning
Non-Optimal connections which could lead to hold violations  
A LUT design_2_i/arbiter_puf_fpga_0/inst/arbiter_puf_fpga_v1_0_S00_AXI_inst/u_puf/genblk1[18].arbiterinst/genblk1[63].arbelinst/o2_INST_0 is driving clock pin of 1 cells. This could lead to large hold time violations. Involved cells are:
design_2_i/arbiter_puf_fpga_0/inst/arbiter_puf_fpga_v1_0_S00_AXI_inst/u_puf/genblk1[18].arbiterinst/d0/q_reg
Related violations: <none>

PLHOLDVIO-2#11 Warning
Non-Optimal connections which could lead to hold violations  
A LUT design_2_i/arbiter_puf_fpga_0/inst/arbiter_puf_fpga_v1_0_S00_AXI_inst/u_puf/genblk1[19].arbiterinst/genblk1[63].arbelinst/o2_INST_0 is driving clock pin of 1 cells. This could lead to large hold time violations. Involved cells are:
design_2_i/arbiter_puf_fpga_0/inst/arbiter_puf_fpga_v1_0_S00_AXI_inst/u_puf/genblk1[19].arbiterinst/d0/q_reg
Related violations: <none>

PLHOLDVIO-2#12 Warning
Non-Optimal connections which could lead to hold violations  
A LUT design_2_i/arbiter_puf_fpga_0/inst/arbiter_puf_fpga_v1_0_S00_AXI_inst/u_puf/genblk1[1].arbiterinst/genblk1[63].arbelinst/o2_INST_0 is driving clock pin of 1 cells. This could lead to large hold time violations. Involved cells are:
design_2_i/arbiter_puf_fpga_0/inst/arbiter_puf_fpga_v1_0_S00_AXI_inst/u_puf/genblk1[1].arbiterinst/d0/q_reg
Related violations: <none>

PLHOLDVIO-2#13 Warning
Non-Optimal connections which could lead to hold violations  
A LUT design_2_i/arbiter_puf_fpga_0/inst/arbiter_puf_fpga_v1_0_S00_AXI_inst/u_puf/genblk1[20].arbiterinst/genblk1[63].arbelinst/o2_INST_0 is driving clock pin of 1 cells. This could lead to large hold time violations. Involved cells are:
design_2_i/arbiter_puf_fpga_0/inst/arbiter_puf_fpga_v1_0_S00_AXI_inst/u_puf/genblk1[20].arbiterinst/d0/q_reg
Related violations: <none>

PLHOLDVIO-2#14 Warning
Non-Optimal connections which could lead to hold violations  
A LUT design_2_i/arbiter_puf_fpga_0/inst/arbiter_puf_fpga_v1_0_S00_AXI_inst/u_puf/genblk1[21].arbiterinst/genblk1[63].arbelinst/o2_INST_0 is driving clock pin of 1 cells. This could lead to large hold time violations. Involved cells are:
design_2_i/arbiter_puf_fpga_0/inst/arbiter_puf_fpga_v1_0_S00_AXI_inst/u_puf/genblk1[21].arbiterinst/d0/q_reg
Related violations: <none>

PLHOLDVIO-2#15 Warning
Non-Optimal connections which could lead to hold violations  
A LUT design_2_i/arbiter_puf_fpga_0/inst/arbiter_puf_fpga_v1_0_S00_AXI_inst/u_puf/genblk1[22].arbiterinst/genblk1[63].arbelinst/o2_INST_0 is driving clock pin of 1 cells. This could lead to large hold time violations. Involved cells are:
design_2_i/arbiter_puf_fpga_0/inst/arbiter_puf_fpga_v1_0_S00_AXI_inst/u_puf/genblk1[22].arbiterinst/d0/q_reg
Related violations: <none>

PLHOLDVIO-2#16 Warning
Non-Optimal connections which could lead to hold violations  
A LUT design_2_i/arbiter_puf_fpga_0/inst/arbiter_puf_fpga_v1_0_S00_AXI_inst/u_puf/genblk1[23].arbiterinst/genblk1[63].arbelinst/o2_INST_0 is driving clock pin of 1 cells. This could lead to large hold time violations. Involved cells are:
design_2_i/arbiter_puf_fpga_0/inst/arbiter_puf_fpga_v1_0_S00_AXI_inst/u_puf/genblk1[23].arbiterinst/d0/q_reg
Related violations: <none>

PLHOLDVIO-2#17 Warning
Non-Optimal connections which could lead to hold violations  
A LUT design_2_i/arbiter_puf_fpga_0/inst/arbiter_puf_fpga_v1_0_S00_AXI_inst/u_puf/genblk1[24].arbiterinst/genblk1[63].arbelinst/o2_INST_0 is driving clock pin of 1 cells. This could lead to large hold time violations. Involved cells are:
design_2_i/arbiter_puf_fpga_0/inst/arbiter_puf_fpga_v1_0_S00_AXI_inst/u_puf/genblk1[24].arbiterinst/d0/q_reg
Related violations: <none>

PLHOLDVIO-2#18 Warning
Non-Optimal connections which could lead to hold violations  
A LUT design_2_i/arbiter_puf_fpga_0/inst/arbiter_puf_fpga_v1_0_S00_AXI_inst/u_puf/genblk1[25].arbiterinst/genblk1[63].arbelinst/o2_INST_0 is driving clock pin of 1 cells. This could lead to large hold time violations. Involved cells are:
design_2_i/arbiter_puf_fpga_0/inst/arbiter_puf_fpga_v1_0_S00_AXI_inst/u_puf/genblk1[25].arbiterinst/d0/q_reg
Related violations: <none>

PLHOLDVIO-2#19 Warning
Non-Optimal connections which could lead to hold violations  
A LUT design_2_i/arbiter_puf_fpga_0/inst/arbiter_puf_fpga_v1_0_S00_AXI_inst/u_puf/genblk1[26].arbiterinst/genblk1[63].arbelinst/o2_INST_0 is driving clock pin of 1 cells. This could lead to large hold time violations. Involved cells are:
design_2_i/arbiter_puf_fpga_0/inst/arbiter_puf_fpga_v1_0_S00_AXI_inst/u_puf/genblk1[26].arbiterinst/d0/q_reg
Related violations: <none>

PLHOLDVIO-2#20 Warning
Non-Optimal connections which could lead to hold violations  
A LUT design_2_i/arbiter_puf_fpga_0/inst/arbiter_puf_fpga_v1_0_S00_AXI_inst/u_puf/genblk1[27].arbiterinst/genblk1[63].arbelinst/o2_INST_0 is driving clock pin of 1 cells. This could lead to large hold time violations. Involved cells are:
design_2_i/arbiter_puf_fpga_0/inst/arbiter_puf_fpga_v1_0_S00_AXI_inst/u_puf/genblk1[27].arbiterinst/d0/q_reg
Related violations: <none>

PLHOLDVIO-2#21 Warning
Non-Optimal connections which could lead to hold violations  
A LUT design_2_i/arbiter_puf_fpga_0/inst/arbiter_puf_fpga_v1_0_S00_AXI_inst/u_puf/genblk1[28].arbiterinst/genblk1[63].arbelinst/o2_INST_0 is driving clock pin of 1 cells. This could lead to large hold time violations. Involved cells are:
design_2_i/arbiter_puf_fpga_0/inst/arbiter_puf_fpga_v1_0_S00_AXI_inst/u_puf/genblk1[28].arbiterinst/d0/q_reg
Related violations: <none>

PLHOLDVIO-2#22 Warning
Non-Optimal connections which could lead to hold violations  
A LUT design_2_i/arbiter_puf_fpga_0/inst/arbiter_puf_fpga_v1_0_S00_AXI_inst/u_puf/genblk1[29].arbiterinst/genblk1[63].arbelinst/o2_INST_0 is driving clock pin of 1 cells. This could lead to large hold time violations. Involved cells are:
design_2_i/arbiter_puf_fpga_0/inst/arbiter_puf_fpga_v1_0_S00_AXI_inst/u_puf/genblk1[29].arbiterinst/d0/q_reg
Related violations: <none>

PLHOLDVIO-2#23 Warning
Non-Optimal connections which could lead to hold violations  
A LUT design_2_i/arbiter_puf_fpga_0/inst/arbiter_puf_fpga_v1_0_S00_AXI_inst/u_puf/genblk1[2].arbiterinst/genblk1[63].arbelinst/o2_INST_0 is driving clock pin of 1 cells. This could lead to large hold time violations. Involved cells are:
design_2_i/arbiter_puf_fpga_0/inst/arbiter_puf_fpga_v1_0_S00_AXI_inst/u_puf/genblk1[2].arbiterinst/d0/q_reg
Related violations: <none>

PLHOLDVIO-2#24 Warning
Non-Optimal connections which could lead to hold violations  
A LUT design_2_i/arbiter_puf_fpga_0/inst/arbiter_puf_fpga_v1_0_S00_AXI_inst/u_puf/genblk1[30].arbiterinst/genblk1[63].arbelinst/o2_INST_0 is driving clock pin of 1 cells. This could lead to large hold time violations. Involved cells are:
design_2_i/arbiter_puf_fpga_0/inst/arbiter_puf_fpga_v1_0_S00_AXI_inst/u_puf/genblk1[30].arbiterinst/d0/q_reg
Related violations: <none>

PLHOLDVIO-2#25 Warning
Non-Optimal connections which could lead to hold violations  
A LUT design_2_i/arbiter_puf_fpga_0/inst/arbiter_puf_fpga_v1_0_S00_AXI_inst/u_puf/genblk1[31].arbiterinst/genblk1[63].arbelinst/o2_INST_0 is driving clock pin of 1 cells. This could lead to large hold time violations. Involved cells are:
design_2_i/arbiter_puf_fpga_0/inst/arbiter_puf_fpga_v1_0_S00_AXI_inst/u_puf/genblk1[31].arbiterinst/d0/q_reg
Related violations: <none>

PLHOLDVIO-2#26 Warning
Non-Optimal connections which could lead to hold violations  
A LUT design_2_i/arbiter_puf_fpga_0/inst/arbiter_puf_fpga_v1_0_S00_AXI_inst/u_puf/genblk1[32].arbiterinst/genblk1[63].arbelinst/o2_INST_0 is driving clock pin of 1 cells. This could lead to large hold time violations. Involved cells are:
design_2_i/arbiter_puf_fpga_0/inst/arbiter_puf_fpga_v1_0_S00_AXI_inst/u_puf/genblk1[32].arbiterinst/d0/q_reg
Related violations: <none>

PLHOLDVIO-2#27 Warning
Non-Optimal connections which could lead to hold violations  
A LUT design_2_i/arbiter_puf_fpga_0/inst/arbiter_puf_fpga_v1_0_S00_AXI_inst/u_puf/genblk1[33].arbiterinst/genblk1[63].arbelinst/o2_INST_0 is driving clock pin of 1 cells. This could lead to large hold time violations. Involved cells are:
design_2_i/arbiter_puf_fpga_0/inst/arbiter_puf_fpga_v1_0_S00_AXI_inst/u_puf/genblk1[33].arbiterinst/d0/q_reg
Related violations: <none>

PLHOLDVIO-2#28 Warning
Non-Optimal connections which could lead to hold violations  
A LUT design_2_i/arbiter_puf_fpga_0/inst/arbiter_puf_fpga_v1_0_S00_AXI_inst/u_puf/genblk1[34].arbiterinst/genblk1[63].arbelinst/o2_INST_0 is driving clock pin of 1 cells. This could lead to large hold time violations. Involved cells are:
design_2_i/arbiter_puf_fpga_0/inst/arbiter_puf_fpga_v1_0_S00_AXI_inst/u_puf/genblk1[34].arbiterinst/d0/q_reg
Related violations: <none>

PLHOLDVIO-2#29 Warning
Non-Optimal connections which could lead to hold violations  
A LUT design_2_i/arbiter_puf_fpga_0/inst/arbiter_puf_fpga_v1_0_S00_AXI_inst/u_puf/genblk1[35].arbiterinst/genblk1[63].arbelinst/o2_INST_0 is driving clock pin of 1 cells. This could lead to large hold time violations. Involved cells are:
design_2_i/arbiter_puf_fpga_0/inst/arbiter_puf_fpga_v1_0_S00_AXI_inst/u_puf/genblk1[35].arbiterinst/d0/q_reg
Related violations: <none>

PLHOLDVIO-2#30 Warning
Non-Optimal connections which could lead to hold violations  
A LUT design_2_i/arbiter_puf_fpga_0/inst/arbiter_puf_fpga_v1_0_S00_AXI_inst/u_puf/genblk1[36].arbiterinst/genblk1[63].arbelinst/o2_INST_0 is driving clock pin of 1 cells. This could lead to large hold time violations. Involved cells are:
design_2_i/arbiter_puf_fpga_0/inst/arbiter_puf_fpga_v1_0_S00_AXI_inst/u_puf/genblk1[36].arbiterinst/d0/q_reg
Related violations: <none>

PLHOLDVIO-2#31 Warning
Non-Optimal connections which could lead to hold violations  
A LUT design_2_i/arbiter_puf_fpga_0/inst/arbiter_puf_fpga_v1_0_S00_AXI_inst/u_puf/genblk1[37].arbiterinst/genblk1[63].arbelinst/o2_INST_0 is driving clock pin of 1 cells. This could lead to large hold time violations. Involved cells are:
design_2_i/arbiter_puf_fpga_0/inst/arbiter_puf_fpga_v1_0_S00_AXI_inst/u_puf/genblk1[37].arbiterinst/d0/q_reg
Related violations: <none>

PLHOLDVIO-2#32 Warning
Non-Optimal connections which could lead to hold violations  
A LUT design_2_i/arbiter_puf_fpga_0/inst/arbiter_puf_fpga_v1_0_S00_AXI_inst/u_puf/genblk1[38].arbiterinst/genblk1[63].arbelinst/o2_INST_0 is driving clock pin of 1 cells. This could lead to large hold time violations. Involved cells are:
design_2_i/arbiter_puf_fpga_0/inst/arbiter_puf_fpga_v1_0_S00_AXI_inst/u_puf/genblk1[38].arbiterinst/d0/q_reg
Related violations: <none>

PLHOLDVIO-2#33 Warning
Non-Optimal connections which could lead to hold violations  
A LUT design_2_i/arbiter_puf_fpga_0/inst/arbiter_puf_fpga_v1_0_S00_AXI_inst/u_puf/genblk1[39].arbiterinst/genblk1[63].arbelinst/o2_INST_0 is driving clock pin of 1 cells. This could lead to large hold time violations. Involved cells are:
design_2_i/arbiter_puf_fpga_0/inst/arbiter_puf_fpga_v1_0_S00_AXI_inst/u_puf/genblk1[39].arbiterinst/d0/q_reg
Related violations: <none>

PLHOLDVIO-2#34 Warning
Non-Optimal connections which could lead to hold violations  
A LUT design_2_i/arbiter_puf_fpga_0/inst/arbiter_puf_fpga_v1_0_S00_AXI_inst/u_puf/genblk1[3].arbiterinst/genblk1[63].arbelinst/o2_INST_0 is driving clock pin of 1 cells. This could lead to large hold time violations. Involved cells are:
design_2_i/arbiter_puf_fpga_0/inst/arbiter_puf_fpga_v1_0_S00_AXI_inst/u_puf/genblk1[3].arbiterinst/d0/q_reg
Related violations: <none>

PLHOLDVIO-2#35 Warning
Non-Optimal connections which could lead to hold violations  
A LUT design_2_i/arbiter_puf_fpga_0/inst/arbiter_puf_fpga_v1_0_S00_AXI_inst/u_puf/genblk1[40].arbiterinst/genblk1[63].arbelinst/o2_INST_0 is driving clock pin of 1 cells. This could lead to large hold time violations. Involved cells are:
design_2_i/arbiter_puf_fpga_0/inst/arbiter_puf_fpga_v1_0_S00_AXI_inst/u_puf/genblk1[40].arbiterinst/d0/q_reg
Related violations: <none>

PLHOLDVIO-2#36 Warning
Non-Optimal connections which could lead to hold violations  
A LUT design_2_i/arbiter_puf_fpga_0/inst/arbiter_puf_fpga_v1_0_S00_AXI_inst/u_puf/genblk1[41].arbiterinst/genblk1[63].arbelinst/o2_INST_0 is driving clock pin of 1 cells. This could lead to large hold time violations. Involved cells are:
design_2_i/arbiter_puf_fpga_0/inst/arbiter_puf_fpga_v1_0_S00_AXI_inst/u_puf/genblk1[41].arbiterinst/d0/q_reg
Related violations: <none>

PLHOLDVIO-2#37 Warning
Non-Optimal connections which could lead to hold violations  
A LUT design_2_i/arbiter_puf_fpga_0/inst/arbiter_puf_fpga_v1_0_S00_AXI_inst/u_puf/genblk1[42].arbiterinst/genblk1[63].arbelinst/o2_INST_0 is driving clock pin of 1 cells. This could lead to large hold time violations. Involved cells are:
design_2_i/arbiter_puf_fpga_0/inst/arbiter_puf_fpga_v1_0_S00_AXI_inst/u_puf/genblk1[42].arbiterinst/d0/q_reg
Related violations: <none>

PLHOLDVIO-2#38 Warning
Non-Optimal connections which could lead to hold violations  
A LUT design_2_i/arbiter_puf_fpga_0/inst/arbiter_puf_fpga_v1_0_S00_AXI_inst/u_puf/genblk1[43].arbiterinst/genblk1[63].arbelinst/o2_INST_0 is driving clock pin of 1 cells. This could lead to large hold time violations. Involved cells are:
design_2_i/arbiter_puf_fpga_0/inst/arbiter_puf_fpga_v1_0_S00_AXI_inst/u_puf/genblk1[43].arbiterinst/d0/q_reg
Related violations: <none>

PLHOLDVIO-2#39 Warning
Non-Optimal connections which could lead to hold violations  
A LUT design_2_i/arbiter_puf_fpga_0/inst/arbiter_puf_fpga_v1_0_S00_AXI_inst/u_puf/genblk1[44].arbiterinst/genblk1[63].arbelinst/o2_INST_0 is driving clock pin of 1 cells. This could lead to large hold time violations. Involved cells are:
design_2_i/arbiter_puf_fpga_0/inst/arbiter_puf_fpga_v1_0_S00_AXI_inst/u_puf/genblk1[44].arbiterinst/d0/q_reg
Related violations: <none>

PLHOLDVIO-2#40 Warning
Non-Optimal connections which could lead to hold violations  
A LUT design_2_i/arbiter_puf_fpga_0/inst/arbiter_puf_fpga_v1_0_S00_AXI_inst/u_puf/genblk1[45].arbiterinst/genblk1[63].arbelinst/o2_INST_0 is driving clock pin of 1 cells. This could lead to large hold time violations. Involved cells are:
design_2_i/arbiter_puf_fpga_0/inst/arbiter_puf_fpga_v1_0_S00_AXI_inst/u_puf/genblk1[45].arbiterinst/d0/q_reg
Related violations: <none>

PLHOLDVIO-2#41 Warning
Non-Optimal connections which could lead to hold violations  
A LUT design_2_i/arbiter_puf_fpga_0/inst/arbiter_puf_fpga_v1_0_S00_AXI_inst/u_puf/genblk1[46].arbiterinst/genblk1[63].arbelinst/o2_INST_0 is driving clock pin of 1 cells. This could lead to large hold time violations. Involved cells are:
design_2_i/arbiter_puf_fpga_0/inst/arbiter_puf_fpga_v1_0_S00_AXI_inst/u_puf/genblk1[46].arbiterinst/d0/q_reg
Related violations: <none>

PLHOLDVIO-2#42 Warning
Non-Optimal connections which could lead to hold violations  
A LUT design_2_i/arbiter_puf_fpga_0/inst/arbiter_puf_fpga_v1_0_S00_AXI_inst/u_puf/genblk1[47].arbiterinst/genblk1[63].arbelinst/o2_INST_0 is driving clock pin of 1 cells. This could lead to large hold time violations. Involved cells are:
design_2_i/arbiter_puf_fpga_0/inst/arbiter_puf_fpga_v1_0_S00_AXI_inst/u_puf/genblk1[47].arbiterinst/d0/q_reg
Related violations: <none>

PLHOLDVIO-2#43 Warning
Non-Optimal connections which could lead to hold violations  
A LUT design_2_i/arbiter_puf_fpga_0/inst/arbiter_puf_fpga_v1_0_S00_AXI_inst/u_puf/genblk1[48].arbiterinst/genblk1[63].arbelinst/o2_INST_0 is driving clock pin of 1 cells. This could lead to large hold time violations. Involved cells are:
design_2_i/arbiter_puf_fpga_0/inst/arbiter_puf_fpga_v1_0_S00_AXI_inst/u_puf/genblk1[48].arbiterinst/d0/q_reg
Related violations: <none>

PLHOLDVIO-2#44 Warning
Non-Optimal connections which could lead to hold violations  
A LUT design_2_i/arbiter_puf_fpga_0/inst/arbiter_puf_fpga_v1_0_S00_AXI_inst/u_puf/genblk1[49].arbiterinst/genblk1[63].arbelinst/o2_INST_0 is driving clock pin of 1 cells. This could lead to large hold time violations. Involved cells are:
design_2_i/arbiter_puf_fpga_0/inst/arbiter_puf_fpga_v1_0_S00_AXI_inst/u_puf/genblk1[49].arbiterinst/d0/q_reg
Related violations: <none>

PLHOLDVIO-2#45 Warning
Non-Optimal connections which could lead to hold violations  
A LUT design_2_i/arbiter_puf_fpga_0/inst/arbiter_puf_fpga_v1_0_S00_AXI_inst/u_puf/genblk1[4].arbiterinst/genblk1[63].arbelinst/o2_INST_0 is driving clock pin of 1 cells. This could lead to large hold time violations. Involved cells are:
design_2_i/arbiter_puf_fpga_0/inst/arbiter_puf_fpga_v1_0_S00_AXI_inst/u_puf/genblk1[4].arbiterinst/d0/q_reg
Related violations: <none>

PLHOLDVIO-2#46 Warning
Non-Optimal connections which could lead to hold violations  
A LUT design_2_i/arbiter_puf_fpga_0/inst/arbiter_puf_fpga_v1_0_S00_AXI_inst/u_puf/genblk1[50].arbiterinst/genblk1[63].arbelinst/o2_INST_0 is driving clock pin of 1 cells. This could lead to large hold time violations. Involved cells are:
design_2_i/arbiter_puf_fpga_0/inst/arbiter_puf_fpga_v1_0_S00_AXI_inst/u_puf/genblk1[50].arbiterinst/d0/q_reg
Related violations: <none>

PLHOLDVIO-2#47 Warning
Non-Optimal connections which could lead to hold violations  
A LUT design_2_i/arbiter_puf_fpga_0/inst/arbiter_puf_fpga_v1_0_S00_AXI_inst/u_puf/genblk1[51].arbiterinst/genblk1[63].arbelinst/o2_INST_0 is driving clock pin of 1 cells. This could lead to large hold time violations. Involved cells are:
design_2_i/arbiter_puf_fpga_0/inst/arbiter_puf_fpga_v1_0_S00_AXI_inst/u_puf/genblk1[51].arbiterinst/d0/q_reg
Related violations: <none>

PLHOLDVIO-2#48 Warning
Non-Optimal connections which could lead to hold violations  
A LUT design_2_i/arbiter_puf_fpga_0/inst/arbiter_puf_fpga_v1_0_S00_AXI_inst/u_puf/genblk1[52].arbiterinst/genblk1[63].arbelinst/o2_INST_0 is driving clock pin of 1 cells. This could lead to large hold time violations. Involved cells are:
design_2_i/arbiter_puf_fpga_0/inst/arbiter_puf_fpga_v1_0_S00_AXI_inst/u_puf/genblk1[52].arbiterinst/d0/q_reg
Related violations: <none>

PLHOLDVIO-2#49 Warning
Non-Optimal connections which could lead to hold violations  
A LUT design_2_i/arbiter_puf_fpga_0/inst/arbiter_puf_fpga_v1_0_S00_AXI_inst/u_puf/genblk1[53].arbiterinst/genblk1[63].arbelinst/o2_INST_0 is driving clock pin of 1 cells. This could lead to large hold time violations. Involved cells are:
design_2_i/arbiter_puf_fpga_0/inst/arbiter_puf_fpga_v1_0_S00_AXI_inst/u_puf/genblk1[53].arbiterinst/d0/q_reg
Related violations: <none>

PLHOLDVIO-2#50 Warning
Non-Optimal connections which could lead to hold violations  
A LUT design_2_i/arbiter_puf_fpga_0/inst/arbiter_puf_fpga_v1_0_S00_AXI_inst/u_puf/genblk1[54].arbiterinst/genblk1[63].arbelinst/o2_INST_0 is driving clock pin of 1 cells. This could lead to large hold time violations. Involved cells are:
design_2_i/arbiter_puf_fpga_0/inst/arbiter_puf_fpga_v1_0_S00_AXI_inst/u_puf/genblk1[54].arbiterinst/d0/q_reg
Related violations: <none>

PLHOLDVIO-2#51 Warning
Non-Optimal connections which could lead to hold violations  
A LUT design_2_i/arbiter_puf_fpga_0/inst/arbiter_puf_fpga_v1_0_S00_AXI_inst/u_puf/genblk1[55].arbiterinst/genblk1[63].arbelinst/o2_INST_0 is driving clock pin of 1 cells. This could lead to large hold time violations. Involved cells are:
design_2_i/arbiter_puf_fpga_0/inst/arbiter_puf_fpga_v1_0_S00_AXI_inst/u_puf/genblk1[55].arbiterinst/d0/q_reg
Related violations: <none>

PLHOLDVIO-2#52 Warning
Non-Optimal connections which could lead to hold violations  
A LUT design_2_i/arbiter_puf_fpga_0/inst/arbiter_puf_fpga_v1_0_S00_AXI_inst/u_puf/genblk1[56].arbiterinst/genblk1[63].arbelinst/o2_INST_0 is driving clock pin of 1 cells. This could lead to large hold time violations. Involved cells are:
design_2_i/arbiter_puf_fpga_0/inst/arbiter_puf_fpga_v1_0_S00_AXI_inst/u_puf/genblk1[56].arbiterinst/d0/q_reg
Related violations: <none>

PLHOLDVIO-2#53 Warning
Non-Optimal connections which could lead to hold violations  
A LUT design_2_i/arbiter_puf_fpga_0/inst/arbiter_puf_fpga_v1_0_S00_AXI_inst/u_puf/genblk1[57].arbiterinst/genblk1[63].arbelinst/o2_INST_0 is driving clock pin of 1 cells. This could lead to large hold time violations. Involved cells are:
design_2_i/arbiter_puf_fpga_0/inst/arbiter_puf_fpga_v1_0_S00_AXI_inst/u_puf/genblk1[57].arbiterinst/d0/q_reg
Related violations: <none>

PLHOLDVIO-2#54 Warning
Non-Optimal connections which could lead to hold violations  
A LUT design_2_i/arbiter_puf_fpga_0/inst/arbiter_puf_fpga_v1_0_S00_AXI_inst/u_puf/genblk1[58].arbiterinst/genblk1[63].arbelinst/o2_INST_0 is driving clock pin of 1 cells. This could lead to large hold time violations. Involved cells are:
design_2_i/arbiter_puf_fpga_0/inst/arbiter_puf_fpga_v1_0_S00_AXI_inst/u_puf/genblk1[58].arbiterinst/d0/q_reg
Related violations: <none>

PLHOLDVIO-2#55 Warning
Non-Optimal connections which could lead to hold violations  
A LUT design_2_i/arbiter_puf_fpga_0/inst/arbiter_puf_fpga_v1_0_S00_AXI_inst/u_puf/genblk1[59].arbiterinst/genblk1[63].arbelinst/o2_INST_0 is driving clock pin of 1 cells. This could lead to large hold time violations. Involved cells are:
design_2_i/arbiter_puf_fpga_0/inst/arbiter_puf_fpga_v1_0_S00_AXI_inst/u_puf/genblk1[59].arbiterinst/d0/q_reg
Related violations: <none>

PLHOLDVIO-2#56 Warning
Non-Optimal connections which could lead to hold violations  
A LUT design_2_i/arbiter_puf_fpga_0/inst/arbiter_puf_fpga_v1_0_S00_AXI_inst/u_puf/genblk1[5].arbiterinst/genblk1[63].arbelinst/o2_INST_0 is driving clock pin of 1 cells. This could lead to large hold time violations. Involved cells are:
design_2_i/arbiter_puf_fpga_0/inst/arbiter_puf_fpga_v1_0_S00_AXI_inst/u_puf/genblk1[5].arbiterinst/d0/q_reg
Related violations: <none>

PLHOLDVIO-2#57 Warning
Non-Optimal connections which could lead to hold violations  
A LUT design_2_i/arbiter_puf_fpga_0/inst/arbiter_puf_fpga_v1_0_S00_AXI_inst/u_puf/genblk1[60].arbiterinst/genblk1[63].arbelinst/o2_INST_0 is driving clock pin of 1 cells. This could lead to large hold time violations. Involved cells are:
design_2_i/arbiter_puf_fpga_0/inst/arbiter_puf_fpga_v1_0_S00_AXI_inst/u_puf/genblk1[60].arbiterinst/d0/q_reg
Related violations: <none>

PLHOLDVIO-2#58 Warning
Non-Optimal connections which could lead to hold violations  
A LUT design_2_i/arbiter_puf_fpga_0/inst/arbiter_puf_fpga_v1_0_S00_AXI_inst/u_puf/genblk1[61].arbiterinst/genblk1[63].arbelinst/o2_INST_0 is driving clock pin of 1 cells. This could lead to large hold time violations. Involved cells are:
design_2_i/arbiter_puf_fpga_0/inst/arbiter_puf_fpga_v1_0_S00_AXI_inst/u_puf/genblk1[61].arbiterinst/d0/q_reg
Related violations: <none>

PLHOLDVIO-2#59 Warning
Non-Optimal connections which could lead to hold violations  
A LUT design_2_i/arbiter_puf_fpga_0/inst/arbiter_puf_fpga_v1_0_S00_AXI_inst/u_puf/genblk1[62].arbiterinst/genblk1[63].arbelinst/o2_INST_0 is driving clock pin of 1 cells. This could lead to large hold time violations. Involved cells are:
design_2_i/arbiter_puf_fpga_0/inst/arbiter_puf_fpga_v1_0_S00_AXI_inst/u_puf/genblk1[62].arbiterinst/d0/q_reg
Related violations: <none>

PLHOLDVIO-2#60 Warning
Non-Optimal connections which could lead to hold violations  
A LUT design_2_i/arbiter_puf_fpga_0/inst/arbiter_puf_fpga_v1_0_S00_AXI_inst/u_puf/genblk1[63].arbiterinst/genblk1[63].arbelinst/o2_INST_0 is driving clock pin of 1 cells. This could lead to large hold time violations. Involved cells are:
design_2_i/arbiter_puf_fpga_0/inst/arbiter_puf_fpga_v1_0_S00_AXI_inst/u_puf/genblk1[63].arbiterinst/d0/q_reg
Related violations: <none>

PLHOLDVIO-2#61 Warning
Non-Optimal connections which could lead to hold violations  
A LUT design_2_i/arbiter_puf_fpga_0/inst/arbiter_puf_fpga_v1_0_S00_AXI_inst/u_puf/genblk1[6].arbiterinst/genblk1[63].arbelinst/o2_INST_0 is driving clock pin of 1 cells. This could lead to large hold time violations. Involved cells are:
design_2_i/arbiter_puf_fpga_0/inst/arbiter_puf_fpga_v1_0_S00_AXI_inst/u_puf/genblk1[6].arbiterinst/d0/q_reg
Related violations: <none>

PLHOLDVIO-2#62 Warning
Non-Optimal connections which could lead to hold violations  
A LUT design_2_i/arbiter_puf_fpga_0/inst/arbiter_puf_fpga_v1_0_S00_AXI_inst/u_puf/genblk1[7].arbiterinst/genblk1[63].arbelinst/o2_INST_0 is driving clock pin of 1 cells. This could lead to large hold time violations. Involved cells are:
design_2_i/arbiter_puf_fpga_0/inst/arbiter_puf_fpga_v1_0_S00_AXI_inst/u_puf/genblk1[7].arbiterinst/d0/q_reg
Related violations: <none>

PLHOLDVIO-2#63 Warning
Non-Optimal connections which could lead to hold violations  
A LUT design_2_i/arbiter_puf_fpga_0/inst/arbiter_puf_fpga_v1_0_S00_AXI_inst/u_puf/genblk1[8].arbiterinst/genblk1[63].arbelinst/o2_INST_0 is driving clock pin of 1 cells. This could lead to large hold time violations. Involved cells are:
design_2_i/arbiter_puf_fpga_0/inst/arbiter_puf_fpga_v1_0_S00_AXI_inst/u_puf/genblk1[8].arbiterinst/d0/q_reg
Related violations: <none>

PLHOLDVIO-2#64 Warning
Non-Optimal connections which could lead to hold violations  
A LUT design_2_i/arbiter_puf_fpga_0/inst/arbiter_puf_fpga_v1_0_S00_AXI_inst/u_puf/genblk1[9].arbiterinst/genblk1[63].arbelinst/o2_INST_0 is driving clock pin of 1 cells. This could lead to large hold time violations. Involved cells are:
design_2_i/arbiter_puf_fpga_0/inst/arbiter_puf_fpga_v1_0_S00_AXI_inst/u_puf/genblk1[9].arbiterinst/d0/q_reg
Related violations: <none>


