
*** Running vivado
    with args -log design_2_wrapper.vdi -applog -m64 -product Vivado -messageDb vivado.pb -mode batch -source design_2_wrapper.tcl -notrace



****** Vivado v2020.2 (64-bit)
  **** SW Build 3064766 on Wed Nov 18 09:12:45 MST 2020
  **** IP Build 3064653 on Wed Nov 18 14:17:31 MST 2020
    ** Copyright 1986-2020 Xilinx, Inc. All Rights Reserved.

source design_2_wrapper.tcl -notrace
Command: open_checkpoint C:/AB/xilinxvivado/projects/arbiter-PUF-FPGA/Arbiter-PUF-FPGA/Aribiter-PUF-FPGA.runs/impl_1/design_2_wrapper.dcp

Starting open_checkpoint Task

Time (s): cpu = 00:00:00 ; elapsed = 00:00:00.028 . Memory (MB): peak = 1108.059 ; gain = 0.000
INFO: [Device 21-403] Loading part xc7z020clg400-1
Netlist sorting complete. Time (s): cpu = 00:00:00 ; elapsed = 00:00:00.077 . Memory (MB): peak = 1108.059 ; gain = 0.000
INFO: [Netlist 29-17] Analyzing 108 Unisim elements for replacement
INFO: [Netlist 29-28] Unisim Transformation completed in 0 CPU seconds
INFO: [Project 1-479] Netlist was created with Vivado 2020.2
INFO: [Project 1-570] Preparing netlist for logic optimization
INFO: [Timing 38-478] Restoring timing data from binary archive.
INFO: [Timing 38-479] Binary timing data restore complete.
INFO: [Project 1-856] Restoring constraints from binary archive.
INFO: [Project 1-853] Binary constraint restore complete.
Reading XDEF placement.
Reading placer database...
Reading XDEF routing.
Read XDEF File: Time (s): cpu = 00:00:01 ; elapsed = 00:00:00.152 . Memory (MB): peak = 1520.574 ; gain = 0.000
Restored from archive | CPU: 1.000000 secs | Memory: 0.000000 MB |
Finished XDEF File Restore: Time (s): cpu = 00:00:01 ; elapsed = 00:00:00.152 . Memory (MB): peak = 1520.574 ; gain = 0.000
Netlist sorting complete. Time (s): cpu = 00:00:00 ; elapsed = 00:00:00.008 . Memory (MB): peak = 1520.574 ; gain = 0.000
INFO: [Project 1-111] Unisim Transformation Summary:
No Unisim elements were transformed.

INFO: [Project 1-604] Checkpoint was created with Vivado v2020.2 (64-bit) build 3064766
open_checkpoint: Time (s): cpu = 00:00:13 ; elapsed = 00:00:14 . Memory (MB): peak = 1520.574 ; gain = 412.516
INFO: [IP_Flow 19-234] Refreshing IP repositories
INFO: [IP_Flow 19-1700] Loaded user IP repository 'c:/AB/xilinxvivado/projects/arbiter-PUF-FPGA/ip_repo/arbiter_puf_fpga_1.0'.
WARNING: [IP_Flow 19-2207] Repository 'c:/AB/xilinxvivado/projects/arbiter-PUF-FPGA/ip_repo/arbiter_puf_fpga_1.0' already exists; ignoring attempt to add it again.
INFO: [IP_Flow 19-1700] Loaded user IP repository 'c:/AB/xilinxvivado/projects/arbiter-PUF-FPGA/ip_repo/arbiter_puf_fpga_1.0'.
WARNING: [IP_Flow 19-2248] Failed to load user IP repository 'c:/AB/xilinxvivado/projects/arbiter-PUF-FPGA/ip_repo/arbiter-puf-fpga_1.0'; Can't find the specified path.
If this directory should no longer be in your list of user repositories, go to the IP Settings dialog and remove it.
INFO: [IP_Flow 19-2313] Loaded Vivado IP repository 'C:/AB/xilinxvivado/Vivado/2020.2/data/ip'.
WARNING: [IP_Flow 19-4995] The host OS only allows 260 characters in a normal path. The IP cache path is more than 80 characters. If you experience issues with IP caching, please consider changing the IP cache to a location with a shorter path. Alternately consider using the OS subst command to map part of the path to a drive letter. 
Current IP cache path is C:/AB/xilinxvivado/projects/arbiter-PUF-FPGA/Arbiter-PUF-FPGA/Aribiter-PUF-FPGA.cache/ip 
Command: opt_design
Attempting to get a license for feature 'Implementation' and/or device 'xc7z020'
INFO: [Common 17-349] Got license for feature 'Implementation' and/or device 'xc7z020'
Running DRC as a precondition to command opt_design

Starting DRC Task
INFO: [DRC 23-27] Running DRC with 2 threads
ERROR: [DRC MDRV-1] Multiple Driver Nets: Net design_2_i/arbiter_puf_fpga_0/inst/arbiter_puf_fpga_v1_0_S00_AXI_inst/slv_reg3[0] has multiple drivers: design_2_i/arbiter_puf_fpga_0/inst/arbiter_puf_fpga_v1_0_S00_AXI_inst/slv_reg3_reg[0]__0/Q, and design_2_i/arbiter_puf_fpga_0/inst/arbiter_puf_fpga_v1_0_S00_AXI_inst/slv_reg3_reg[0]/Q.
ERROR: [DRC MDRV-1] Multiple Driver Nets: Net design_2_i/arbiter_puf_fpga_0/inst/arbiter_puf_fpga_v1_0_S00_AXI_inst/slv_reg3[10] has multiple drivers: design_2_i/arbiter_puf_fpga_0/inst/arbiter_puf_fpga_v1_0_S00_AXI_inst/slv_reg3_reg[10]/Q, and design_2_i/arbiter_puf_fpga_0/inst/arbiter_puf_fpga_v1_0_S00_AXI_inst/slv_reg3_reg[10]__0/Q.
ERROR: [DRC MDRV-1] Multiple Driver Nets: Net design_2_i/arbiter_puf_fpga_0/inst/arbiter_puf_fpga_v1_0_S00_AXI_inst/slv_reg3[11] has multiple drivers: design_2_i/arbiter_puf_fpga_0/inst/arbiter_puf_fpga_v1_0_S00_AXI_inst/slv_reg3_reg[11]__0/Q, and design_2_i/arbiter_puf_fpga_0/inst/arbiter_puf_fpga_v1_0_S00_AXI_inst/slv_reg3_reg[11]/Q.
ERROR: [DRC MDRV-1] Multiple Driver Nets: Net design_2_i/arbiter_puf_fpga_0/inst/arbiter_puf_fpga_v1_0_S00_AXI_inst/slv_reg3[12] has multiple drivers: design_2_i/arbiter_puf_fpga_0/inst/arbiter_puf_fpga_v1_0_S00_AXI_inst/slv_reg3_reg[12]/Q, and design_2_i/arbiter_puf_fpga_0/inst/arbiter_puf_fpga_v1_0_S00_AXI_inst/slv_reg3_reg[12]__0/Q.
ERROR: [DRC MDRV-1] Multiple Driver Nets: Net design_2_i/arbiter_puf_fpga_0/inst/arbiter_puf_fpga_v1_0_S00_AXI_inst/slv_reg3[13] has multiple drivers: design_2_i/arbiter_puf_fpga_0/inst/arbiter_puf_fpga_v1_0_S00_AXI_inst/slv_reg3_reg[13]__0/Q, and design_2_i/arbiter_puf_fpga_0/inst/arbiter_puf_fpga_v1_0_S00_AXI_inst/slv_reg3_reg[13]/Q.
ERROR: [DRC MDRV-1] Multiple Driver Nets: Net design_2_i/arbiter_puf_fpga_0/inst/arbiter_puf_fpga_v1_0_S00_AXI_inst/slv_reg3[14] has multiple drivers: design_2_i/arbiter_puf_fpga_0/inst/arbiter_puf_fpga_v1_0_S00_AXI_inst/slv_reg3_reg[14]/Q, and design_2_i/arbiter_puf_fpga_0/inst/arbiter_puf_fpga_v1_0_S00_AXI_inst/slv_reg3_reg[14]__0/Q.
ERROR: [DRC MDRV-1] Multiple Driver Nets: Net design_2_i/arbiter_puf_fpga_0/inst/arbiter_puf_fpga_v1_0_S00_AXI_inst/slv_reg3[15] has multiple drivers: design_2_i/arbiter_puf_fpga_0/inst/arbiter_puf_fpga_v1_0_S00_AXI_inst/slv_reg3_reg[15]__0/Q, and design_2_i/arbiter_puf_fpga_0/inst/arbiter_puf_fpga_v1_0_S00_AXI_inst/slv_reg3_reg[15]/Q.
ERROR: [DRC MDRV-1] Multiple Driver Nets: Net design_2_i/arbiter_puf_fpga_0/inst/arbiter_puf_fpga_v1_0_S00_AXI_inst/slv_reg3[16] has multiple drivers: design_2_i/arbiter_puf_fpga_0/inst/arbiter_puf_fpga_v1_0_S00_AXI_inst/slv_reg3_reg[16]/Q, and design_2_i/arbiter_puf_fpga_0/inst/arbiter_puf_fpga_v1_0_S00_AXI_inst/slv_reg3_reg[16]__0/Q.
ERROR: [DRC MDRV-1] Multiple Driver Nets: Net design_2_i/arbiter_puf_fpga_0/inst/arbiter_puf_fpga_v1_0_S00_AXI_inst/slv_reg3[17] has multiple drivers: design_2_i/arbiter_puf_fpga_0/inst/arbiter_puf_fpga_v1_0_S00_AXI_inst/slv_reg3_reg[17]__0/Q, and design_2_i/arbiter_puf_fpga_0/inst/arbiter_puf_fpga_v1_0_S00_AXI_inst/slv_reg3_reg[17]/Q.
ERROR: [DRC MDRV-1] Multiple Driver Nets: Net design_2_i/arbiter_puf_fpga_0/inst/arbiter_puf_fpga_v1_0_S00_AXI_inst/slv_reg3[18] has multiple drivers: design_2_i/arbiter_puf_fpga_0/inst/arbiter_puf_fpga_v1_0_S00_AXI_inst/slv_reg3_reg[18]/Q, and design_2_i/arbiter_puf_fpga_0/inst/arbiter_puf_fpga_v1_0_S00_AXI_inst/slv_reg3_reg[18]__0/Q.
ERROR: [DRC MDRV-1] Multiple Driver Nets: Net design_2_i/arbiter_puf_fpga_0/inst/arbiter_puf_fpga_v1_0_S00_AXI_inst/slv_reg3[19] has multiple drivers: design_2_i/arbiter_puf_fpga_0/inst/arbiter_puf_fpga_v1_0_S00_AXI_inst/slv_reg3_reg[19]__0/Q, and design_2_i/arbiter_puf_fpga_0/inst/arbiter_puf_fpga_v1_0_S00_AXI_inst/slv_reg3_reg[19]/Q.
ERROR: [DRC MDRV-1] Multiple Driver Nets: Net design_2_i/arbiter_puf_fpga_0/inst/arbiter_puf_fpga_v1_0_S00_AXI_inst/slv_reg3[1] has multiple drivers: design_2_i/arbiter_puf_fpga_0/inst/arbiter_puf_fpga_v1_0_S00_AXI_inst/slv_reg3_reg[1]/Q, and design_2_i/arbiter_puf_fpga_0/inst/arbiter_puf_fpga_v1_0_S00_AXI_inst/slv_reg3_reg[1]__0/Q.
ERROR: [DRC MDRV-1] Multiple Driver Nets: Net design_2_i/arbiter_puf_fpga_0/inst/arbiter_puf_fpga_v1_0_S00_AXI_inst/slv_reg3[20] has multiple drivers: design_2_i/arbiter_puf_fpga_0/inst/arbiter_puf_fpga_v1_0_S00_AXI_inst/slv_reg3_reg[20]__0/Q, and design_2_i/arbiter_puf_fpga_0/inst/arbiter_puf_fpga_v1_0_S00_AXI_inst/slv_reg3_reg[20]/Q.
ERROR: [DRC MDRV-1] Multiple Driver Nets: Net design_2_i/arbiter_puf_fpga_0/inst/arbiter_puf_fpga_v1_0_S00_AXI_inst/slv_reg3[21] has multiple drivers: design_2_i/arbiter_puf_fpga_0/inst/arbiter_puf_fpga_v1_0_S00_AXI_inst/slv_reg3_reg[21]__0/Q, and design_2_i/arbiter_puf_fpga_0/inst/arbiter_puf_fpga_v1_0_S00_AXI_inst/slv_reg3_reg[21]/Q.
ERROR: [DRC MDRV-1] Multiple Driver Nets: Net design_2_i/arbiter_puf_fpga_0/inst/arbiter_puf_fpga_v1_0_S00_AXI_inst/slv_reg3[22] has multiple drivers: design_2_i/arbiter_puf_fpga_0/inst/arbiter_puf_fpga_v1_0_S00_AXI_inst/slv_reg3_reg[22]__0/Q, and design_2_i/arbiter_puf_fpga_0/inst/arbiter_puf_fpga_v1_0_S00_AXI_inst/slv_reg3_reg[22]/Q.
ERROR: [DRC MDRV-1] Multiple Driver Nets: Net design_2_i/arbiter_puf_fpga_0/inst/arbiter_puf_fpga_v1_0_S00_AXI_inst/slv_reg3[23] has multiple drivers: design_2_i/arbiter_puf_fpga_0/inst/arbiter_puf_fpga_v1_0_S00_AXI_inst/slv_reg3_reg[23]/Q, and design_2_i/arbiter_puf_fpga_0/inst/arbiter_puf_fpga_v1_0_S00_AXI_inst/slv_reg3_reg[23]__0/Q.
ERROR: [DRC MDRV-1] Multiple Driver Nets: Net design_2_i/arbiter_puf_fpga_0/inst/arbiter_puf_fpga_v1_0_S00_AXI_inst/slv_reg3[24] has multiple drivers: design_2_i/arbiter_puf_fpga_0/inst/arbiter_puf_fpga_v1_0_S00_AXI_inst/slv_reg3_reg[24]/Q, and design_2_i/arbiter_puf_fpga_0/inst/arbiter_puf_fpga_v1_0_S00_AXI_inst/slv_reg3_reg[24]__0/Q.
ERROR: [DRC MDRV-1] Multiple Driver Nets: Net design_2_i/arbiter_puf_fpga_0/inst/arbiter_puf_fpga_v1_0_S00_AXI_inst/slv_reg3[25] has multiple drivers: design_2_i/arbiter_puf_fpga_0/inst/arbiter_puf_fpga_v1_0_S00_AXI_inst/slv_reg3_reg[25]/Q, and design_2_i/arbiter_puf_fpga_0/inst/arbiter_puf_fpga_v1_0_S00_AXI_inst/slv_reg3_reg[25]__0/Q.
ERROR: [DRC MDRV-1] Multiple Driver Nets: Net design_2_i/arbiter_puf_fpga_0/inst/arbiter_puf_fpga_v1_0_S00_AXI_inst/slv_reg3[26] has multiple drivers: design_2_i/arbiter_puf_fpga_0/inst/arbiter_puf_fpga_v1_0_S00_AXI_inst/slv_reg3_reg[26]/Q, and design_2_i/arbiter_puf_fpga_0/inst/arbiter_puf_fpga_v1_0_S00_AXI_inst/slv_reg3_reg[26]__0/Q.
ERROR: [DRC MDRV-1] Multiple Driver Nets: Net design_2_i/arbiter_puf_fpga_0/inst/arbiter_puf_fpga_v1_0_S00_AXI_inst/slv_reg3[27] has multiple drivers: design_2_i/arbiter_puf_fpga_0/inst/arbiter_puf_fpga_v1_0_S00_AXI_inst/slv_reg3_reg[27]/Q, and design_2_i/arbiter_puf_fpga_0/inst/arbiter_puf_fpga_v1_0_S00_AXI_inst/slv_reg3_reg[27]__0/Q.
ERROR: [DRC MDRV-1] Multiple Driver Nets: Net design_2_i/arbiter_puf_fpga_0/inst/arbiter_puf_fpga_v1_0_S00_AXI_inst/slv_reg3[28] has multiple drivers: design_2_i/arbiter_puf_fpga_0/inst/arbiter_puf_fpga_v1_0_S00_AXI_inst/slv_reg3_reg[28]__0/Q, and design_2_i/arbiter_puf_fpga_0/inst/arbiter_puf_fpga_v1_0_S00_AXI_inst/slv_reg3_reg[28]/Q.
ERROR: [DRC MDRV-1] Multiple Driver Nets: Net design_2_i/arbiter_puf_fpga_0/inst/arbiter_puf_fpga_v1_0_S00_AXI_inst/slv_reg3[29] has multiple drivers: design_2_i/arbiter_puf_fpga_0/inst/arbiter_puf_fpga_v1_0_S00_AXI_inst/slv_reg3_reg[29]/Q, and design_2_i/arbiter_puf_fpga_0/inst/arbiter_puf_fpga_v1_0_S00_AXI_inst/slv_reg3_reg[29]__0/Q.
ERROR: [DRC MDRV-1] Multiple Driver Nets: Net design_2_i/arbiter_puf_fpga_0/inst/arbiter_puf_fpga_v1_0_S00_AXI_inst/slv_reg3[2] has multiple drivers: design_2_i/arbiter_puf_fpga_0/inst/arbiter_puf_fpga_v1_0_S00_AXI_inst/slv_reg3_reg[2]/Q, and design_2_i/arbiter_puf_fpga_0/inst/arbiter_puf_fpga_v1_0_S00_AXI_inst/slv_reg3_reg[2]__0/Q.
ERROR: [DRC MDRV-1] Multiple Driver Nets: Net design_2_i/arbiter_puf_fpga_0/inst/arbiter_puf_fpga_v1_0_S00_AXI_inst/slv_reg3[30] has multiple drivers: design_2_i/arbiter_puf_fpga_0/inst/arbiter_puf_fpga_v1_0_S00_AXI_inst/slv_reg3_reg[30]/Q, and design_2_i/arbiter_puf_fpga_0/inst/arbiter_puf_fpga_v1_0_S00_AXI_inst/slv_reg3_reg[30]__0/Q.
ERROR: [DRC MDRV-1] Multiple Driver Nets: Net design_2_i/arbiter_puf_fpga_0/inst/arbiter_puf_fpga_v1_0_S00_AXI_inst/slv_reg3[31] has multiple drivers: design_2_i/arbiter_puf_fpga_0/inst/arbiter_puf_fpga_v1_0_S00_AXI_inst/slv_reg3_reg[31]__0/Q, and design_2_i/arbiter_puf_fpga_0/inst/arbiter_puf_fpga_v1_0_S00_AXI_inst/slv_reg3_reg[31]/Q.
ERROR: [DRC MDRV-1] Multiple Driver Nets: Net design_2_i/arbiter_puf_fpga_0/inst/arbiter_puf_fpga_v1_0_S00_AXI_inst/slv_reg3[3] has multiple drivers: design_2_i/arbiter_puf_fpga_0/inst/arbiter_puf_fpga_v1_0_S00_AXI_inst/slv_reg3_reg[3]__0/Q, and design_2_i/arbiter_puf_fpga_0/inst/arbiter_puf_fpga_v1_0_S00_AXI_inst/slv_reg3_reg[3]/Q.
ERROR: [DRC MDRV-1] Multiple Driver Nets: Net design_2_i/arbiter_puf_fpga_0/inst/arbiter_puf_fpga_v1_0_S00_AXI_inst/slv_reg3[4] has multiple drivers: design_2_i/arbiter_puf_fpga_0/inst/arbiter_puf_fpga_v1_0_S00_AXI_inst/slv_reg3_reg[4]/Q, and design_2_i/arbiter_puf_fpga_0/inst/arbiter_puf_fpga_v1_0_S00_AXI_inst/slv_reg3_reg[4]__0/Q.
ERROR: [DRC MDRV-1] Multiple Driver Nets: Net design_2_i/arbiter_puf_fpga_0/inst/arbiter_puf_fpga_v1_0_S00_AXI_inst/slv_reg3[5] has multiple drivers: design_2_i/arbiter_puf_fpga_0/inst/arbiter_puf_fpga_v1_0_S00_AXI_inst/slv_reg3_reg[5]/Q, and design_2_i/arbiter_puf_fpga_0/inst/arbiter_puf_fpga_v1_0_S00_AXI_inst/slv_reg3_reg[5]__0/Q.
ERROR: [DRC MDRV-1] Multiple Driver Nets: Net design_2_i/arbiter_puf_fpga_0/inst/arbiter_puf_fpga_v1_0_S00_AXI_inst/slv_reg3[6] has multiple drivers: design_2_i/arbiter_puf_fpga_0/inst/arbiter_puf_fpga_v1_0_S00_AXI_inst/slv_reg3_reg[6]/Q, and design_2_i/arbiter_puf_fpga_0/inst/arbiter_puf_fpga_v1_0_S00_AXI_inst/slv_reg3_reg[6]__0/Q.
ERROR: [DRC MDRV-1] Multiple Driver Nets: Net design_2_i/arbiter_puf_fpga_0/inst/arbiter_puf_fpga_v1_0_S00_AXI_inst/slv_reg3[7] has multiple drivers: design_2_i/arbiter_puf_fpga_0/inst/arbiter_puf_fpga_v1_0_S00_AXI_inst/slv_reg3_reg[7]__0/Q, and design_2_i/arbiter_puf_fpga_0/inst/arbiter_puf_fpga_v1_0_S00_AXI_inst/slv_reg3_reg[7]/Q.
ERROR: [DRC MDRV-1] Multiple Driver Nets: Net design_2_i/arbiter_puf_fpga_0/inst/arbiter_puf_fpga_v1_0_S00_AXI_inst/slv_reg3[8] has multiple drivers: design_2_i/arbiter_puf_fpga_0/inst/arbiter_puf_fpga_v1_0_S00_AXI_inst/slv_reg3_reg[8]__0/Q, and design_2_i/arbiter_puf_fpga_0/inst/arbiter_puf_fpga_v1_0_S00_AXI_inst/slv_reg3_reg[8]/Q.
ERROR: [DRC MDRV-1] Multiple Driver Nets: Net design_2_i/arbiter_puf_fpga_0/inst/arbiter_puf_fpga_v1_0_S00_AXI_inst/slv_reg3[9] has multiple drivers: design_2_i/arbiter_puf_fpga_0/inst/arbiter_puf_fpga_v1_0_S00_AXI_inst/slv_reg3_reg[9]__0/Q, and design_2_i/arbiter_puf_fpga_0/inst/arbiter_puf_fpga_v1_0_S00_AXI_inst/slv_reg3_reg[9]/Q.
ERROR: [DRC MDRV-1] Multiple Driver Nets: Net design_2_i/arbiter_puf_fpga_0/inst/arbiter_puf_fpga_v1_0_S00_AXI_inst/slv_reg4[0] has multiple drivers: design_2_i/arbiter_puf_fpga_0/inst/arbiter_puf_fpga_v1_0_S00_AXI_inst/slv_reg4_reg[0]__0/Q, and design_2_i/arbiter_puf_fpga_0/inst/arbiter_puf_fpga_v1_0_S00_AXI_inst/slv_reg4_reg[0]/Q.
ERROR: [DRC MDRV-1] Multiple Driver Nets: Net design_2_i/arbiter_puf_fpga_0/inst/arbiter_puf_fpga_v1_0_S00_AXI_inst/slv_reg4[10] has multiple drivers: design_2_i/arbiter_puf_fpga_0/inst/arbiter_puf_fpga_v1_0_S00_AXI_inst/slv_reg4_reg[10]__0/Q, and design_2_i/arbiter_puf_fpga_0/inst/arbiter_puf_fpga_v1_0_S00_AXI_inst/slv_reg4_reg[10]/Q.
ERROR: [DRC MDRV-1] Multiple Driver Nets: Net design_2_i/arbiter_puf_fpga_0/inst/arbiter_puf_fpga_v1_0_S00_AXI_inst/slv_reg4[11] has multiple drivers: design_2_i/arbiter_puf_fpga_0/inst/arbiter_puf_fpga_v1_0_S00_AXI_inst/slv_reg4_reg[11]/Q, and design_2_i/arbiter_puf_fpga_0/inst/arbiter_puf_fpga_v1_0_S00_AXI_inst/slv_reg4_reg[11]__0/Q.
ERROR: [DRC MDRV-1] Multiple Driver Nets: Net design_2_i/arbiter_puf_fpga_0/inst/arbiter_puf_fpga_v1_0_S00_AXI_inst/slv_reg4[12] has multiple drivers: design_2_i/arbiter_puf_fpga_0/inst/arbiter_puf_fpga_v1_0_S00_AXI_inst/slv_reg4_reg[12]__0/Q, and design_2_i/arbiter_puf_fpga_0/inst/arbiter_puf_fpga_v1_0_S00_AXI_inst/slv_reg4_reg[12]/Q.
ERROR: [DRC MDRV-1] Multiple Driver Nets: Net design_2_i/arbiter_puf_fpga_0/inst/arbiter_puf_fpga_v1_0_S00_AXI_inst/slv_reg4[13] has multiple drivers: design_2_i/arbiter_puf_fpga_0/inst/arbiter_puf_fpga_v1_0_S00_AXI_inst/slv_reg4_reg[13]__0/Q, and design_2_i/arbiter_puf_fpga_0/inst/arbiter_puf_fpga_v1_0_S00_AXI_inst/slv_reg4_reg[13]/Q.
ERROR: [DRC MDRV-1] Multiple Driver Nets: Net design_2_i/arbiter_puf_fpga_0/inst/arbiter_puf_fpga_v1_0_S00_AXI_inst/slv_reg4[14] has multiple drivers: design_2_i/arbiter_puf_fpga_0/inst/arbiter_puf_fpga_v1_0_S00_AXI_inst/slv_reg4_reg[14]/Q, and design_2_i/arbiter_puf_fpga_0/inst/arbiter_puf_fpga_v1_0_S00_AXI_inst/slv_reg4_reg[14]__0/Q.
ERROR: [DRC MDRV-1] Multiple Driver Nets: Net design_2_i/arbiter_puf_fpga_0/inst/arbiter_puf_fpga_v1_0_S00_AXI_inst/slv_reg4[15] has multiple drivers: design_2_i/arbiter_puf_fpga_0/inst/arbiter_puf_fpga_v1_0_S00_AXI_inst/slv_reg4_reg[15]__0/Q, and design_2_i/arbiter_puf_fpga_0/inst/arbiter_puf_fpga_v1_0_S00_AXI_inst/slv_reg4_reg[15]/Q.
ERROR: [DRC MDRV-1] Multiple Driver Nets: Net design_2_i/arbiter_puf_fpga_0/inst/arbiter_puf_fpga_v1_0_S00_AXI_inst/slv_reg4[16] has multiple drivers: design_2_i/arbiter_puf_fpga_0/inst/arbiter_puf_fpga_v1_0_S00_AXI_inst/slv_reg4_reg[16]/Q, and design_2_i/arbiter_puf_fpga_0/inst/arbiter_puf_fpga_v1_0_S00_AXI_inst/slv_reg4_reg[16]__0/Q.
ERROR: [DRC MDRV-1] Multiple Driver Nets: Net design_2_i/arbiter_puf_fpga_0/inst/arbiter_puf_fpga_v1_0_S00_AXI_inst/slv_reg4[17] has multiple drivers: design_2_i/arbiter_puf_fpga_0/inst/arbiter_puf_fpga_v1_0_S00_AXI_inst/slv_reg4_reg[17]/Q, and design_2_i/arbiter_puf_fpga_0/inst/arbiter_puf_fpga_v1_0_S00_AXI_inst/slv_reg4_reg[17]__0/Q.
ERROR: [DRC MDRV-1] Multiple Driver Nets: Net design_2_i/arbiter_puf_fpga_0/inst/arbiter_puf_fpga_v1_0_S00_AXI_inst/slv_reg4[18] has multiple drivers: design_2_i/arbiter_puf_fpga_0/inst/arbiter_puf_fpga_v1_0_S00_AXI_inst/slv_reg4_reg[18]__0/Q, and design_2_i/arbiter_puf_fpga_0/inst/arbiter_puf_fpga_v1_0_S00_AXI_inst/slv_reg4_reg[18]/Q.
ERROR: [DRC MDRV-1] Multiple Driver Nets: Net design_2_i/arbiter_puf_fpga_0/inst/arbiter_puf_fpga_v1_0_S00_AXI_inst/slv_reg4[19] has multiple drivers: design_2_i/arbiter_puf_fpga_0/inst/arbiter_puf_fpga_v1_0_S00_AXI_inst/slv_reg4_reg[19]/Q, and design_2_i/arbiter_puf_fpga_0/inst/arbiter_puf_fpga_v1_0_S00_AXI_inst/slv_reg4_reg[19]__0/Q.
ERROR: [DRC MDRV-1] Multiple Driver Nets: Net design_2_i/arbiter_puf_fpga_0/inst/arbiter_puf_fpga_v1_0_S00_AXI_inst/slv_reg4[1] has multiple drivers: design_2_i/arbiter_puf_fpga_0/inst/arbiter_puf_fpga_v1_0_S00_AXI_inst/slv_reg4_reg[1]/Q, and design_2_i/arbiter_puf_fpga_0/inst/arbiter_puf_fpga_v1_0_S00_AXI_inst/slv_reg4_reg[1]__0/Q.
ERROR: [DRC MDRV-1] Multiple Driver Nets: Net design_2_i/arbiter_puf_fpga_0/inst/arbiter_puf_fpga_v1_0_S00_AXI_inst/slv_reg4[20] has multiple drivers: design_2_i/arbiter_puf_fpga_0/inst/arbiter_puf_fpga_v1_0_S00_AXI_inst/slv_reg4_reg[20]/Q, and design_2_i/arbiter_puf_fpga_0/inst/arbiter_puf_fpga_v1_0_S00_AXI_inst/slv_reg4_reg[20]__0/Q.
ERROR: [DRC MDRV-1] Multiple Driver Nets: Net design_2_i/arbiter_puf_fpga_0/inst/arbiter_puf_fpga_v1_0_S00_AXI_inst/slv_reg4[21] has multiple drivers: design_2_i/arbiter_puf_fpga_0/inst/arbiter_puf_fpga_v1_0_S00_AXI_inst/slv_reg4_reg[21]__0/Q, and design_2_i/arbiter_puf_fpga_0/inst/arbiter_puf_fpga_v1_0_S00_AXI_inst/slv_reg4_reg[21]/Q.
ERROR: [DRC MDRV-1] Multiple Driver Nets: Net design_2_i/arbiter_puf_fpga_0/inst/arbiter_puf_fpga_v1_0_S00_AXI_inst/slv_reg4[22] has multiple drivers: design_2_i/arbiter_puf_fpga_0/inst/arbiter_puf_fpga_v1_0_S00_AXI_inst/slv_reg4_reg[22]__0/Q, and design_2_i/arbiter_puf_fpga_0/inst/arbiter_puf_fpga_v1_0_S00_AXI_inst/slv_reg4_reg[22]/Q.
ERROR: [DRC MDRV-1] Multiple Driver Nets: Net design_2_i/arbiter_puf_fpga_0/inst/arbiter_puf_fpga_v1_0_S00_AXI_inst/slv_reg4[23] has multiple drivers: design_2_i/arbiter_puf_fpga_0/inst/arbiter_puf_fpga_v1_0_S00_AXI_inst/slv_reg4_reg[23]/Q, and design_2_i/arbiter_puf_fpga_0/inst/arbiter_puf_fpga_v1_0_S00_AXI_inst/slv_reg4_reg[23]__0/Q.
ERROR: [DRC MDRV-1] Multiple Driver Nets: Net design_2_i/arbiter_puf_fpga_0/inst/arbiter_puf_fpga_v1_0_S00_AXI_inst/slv_reg4[24] has multiple drivers: design_2_i/arbiter_puf_fpga_0/inst/arbiter_puf_fpga_v1_0_S00_AXI_inst/slv_reg4_reg[24]__0/Q, and design_2_i/arbiter_puf_fpga_0/inst/arbiter_puf_fpga_v1_0_S00_AXI_inst/slv_reg4_reg[24]/Q.
ERROR: [DRC MDRV-1] Multiple Driver Nets: Net design_2_i/arbiter_puf_fpga_0/inst/arbiter_puf_fpga_v1_0_S00_AXI_inst/slv_reg4[25] has multiple drivers: design_2_i/arbiter_puf_fpga_0/inst/arbiter_puf_fpga_v1_0_S00_AXI_inst/slv_reg4_reg[25]__0/Q, and design_2_i/arbiter_puf_fpga_0/inst/arbiter_puf_fpga_v1_0_S00_AXI_inst/slv_reg4_reg[25]/Q.
ERROR: [DRC MDRV-1] Multiple Driver Nets: Net design_2_i/arbiter_puf_fpga_0/inst/arbiter_puf_fpga_v1_0_S00_AXI_inst/slv_reg4[26] has multiple drivers: design_2_i/arbiter_puf_fpga_0/inst/arbiter_puf_fpga_v1_0_S00_AXI_inst/slv_reg4_reg[26]__0/Q, and design_2_i/arbiter_puf_fpga_0/inst/arbiter_puf_fpga_v1_0_S00_AXI_inst/slv_reg4_reg[26]/Q.
ERROR: [DRC MDRV-1] Multiple Driver Nets: Net design_2_i/arbiter_puf_fpga_0/inst/arbiter_puf_fpga_v1_0_S00_AXI_inst/slv_reg4[27] has multiple drivers: design_2_i/arbiter_puf_fpga_0/inst/arbiter_puf_fpga_v1_0_S00_AXI_inst/slv_reg4_reg[27]__0/Q, and design_2_i/arbiter_puf_fpga_0/inst/arbiter_puf_fpga_v1_0_S00_AXI_inst/slv_reg4_reg[27]/Q.
ERROR: [DRC MDRV-1] Multiple Driver Nets: Net design_2_i/arbiter_puf_fpga_0/inst/arbiter_puf_fpga_v1_0_S00_AXI_inst/slv_reg4[28] has multiple drivers: design_2_i/arbiter_puf_fpga_0/inst/arbiter_puf_fpga_v1_0_S00_AXI_inst/slv_reg4_reg[28]/Q, and design_2_i/arbiter_puf_fpga_0/inst/arbiter_puf_fpga_v1_0_S00_AXI_inst/slv_reg4_reg[28]__0/Q.
ERROR: [DRC MDRV-1] Multiple Driver Nets: Net design_2_i/arbiter_puf_fpga_0/inst/arbiter_puf_fpga_v1_0_S00_AXI_inst/slv_reg4[29] has multiple drivers: design_2_i/arbiter_puf_fpga_0/inst/arbiter_puf_fpga_v1_0_S00_AXI_inst/slv_reg4_reg[29]/Q, and design_2_i/arbiter_puf_fpga_0/inst/arbiter_puf_fpga_v1_0_S00_AXI_inst/slv_reg4_reg[29]__0/Q.
ERROR: [DRC MDRV-1] Multiple Driver Nets: Net design_2_i/arbiter_puf_fpga_0/inst/arbiter_puf_fpga_v1_0_S00_AXI_inst/slv_reg4[2] has multiple drivers: design_2_i/arbiter_puf_fpga_0/inst/arbiter_puf_fpga_v1_0_S00_AXI_inst/slv_reg4_reg[2]__0/Q, and design_2_i/arbiter_puf_fpga_0/inst/arbiter_puf_fpga_v1_0_S00_AXI_inst/slv_reg4_reg[2]/Q.
ERROR: [DRC MDRV-1] Multiple Driver Nets: Net design_2_i/arbiter_puf_fpga_0/inst/arbiter_puf_fpga_v1_0_S00_AXI_inst/slv_reg4[30] has multiple drivers: design_2_i/arbiter_puf_fpga_0/inst/arbiter_puf_fpga_v1_0_S00_AXI_inst/slv_reg4_reg[30]/Q, and design_2_i/arbiter_puf_fpga_0/inst/arbiter_puf_fpga_v1_0_S00_AXI_inst/slv_reg4_reg[30]__0/Q.
ERROR: [DRC MDRV-1] Multiple Driver Nets: Net design_2_i/arbiter_puf_fpga_0/inst/arbiter_puf_fpga_v1_0_S00_AXI_inst/slv_reg4[31] has multiple drivers: design_2_i/arbiter_puf_fpga_0/inst/arbiter_puf_fpga_v1_0_S00_AXI_inst/slv_reg4_reg[31]/Q, and design_2_i/arbiter_puf_fpga_0/inst/arbiter_puf_fpga_v1_0_S00_AXI_inst/slv_reg4_reg[31]__0/Q.
ERROR: [DRC MDRV-1] Multiple Driver Nets: Net design_2_i/arbiter_puf_fpga_0/inst/arbiter_puf_fpga_v1_0_S00_AXI_inst/slv_reg4[3] has multiple drivers: design_2_i/arbiter_puf_fpga_0/inst/arbiter_puf_fpga_v1_0_S00_AXI_inst/slv_reg4_reg[3]/Q, and design_2_i/arbiter_puf_fpga_0/inst/arbiter_puf_fpga_v1_0_S00_AXI_inst/slv_reg4_reg[3]__0/Q.
ERROR: [DRC MDRV-1] Multiple Driver Nets: Net design_2_i/arbiter_puf_fpga_0/inst/arbiter_puf_fpga_v1_0_S00_AXI_inst/slv_reg4[4] has multiple drivers: design_2_i/arbiter_puf_fpga_0/inst/arbiter_puf_fpga_v1_0_S00_AXI_inst/slv_reg4_reg[4]/Q, and design_2_i/arbiter_puf_fpga_0/inst/arbiter_puf_fpga_v1_0_S00_AXI_inst/slv_reg4_reg[4]__0/Q.
ERROR: [DRC MDRV-1] Multiple Driver Nets: Net design_2_i/arbiter_puf_fpga_0/inst/arbiter_puf_fpga_v1_0_S00_AXI_inst/slv_reg4[5] has multiple drivers: design_2_i/arbiter_puf_fpga_0/inst/arbiter_puf_fpga_v1_0_S00_AXI_inst/slv_reg4_reg[5]/Q, and design_2_i/arbiter_puf_fpga_0/inst/arbiter_puf_fpga_v1_0_S00_AXI_inst/slv_reg4_reg[5]__0/Q.
ERROR: [DRC MDRV-1] Multiple Driver Nets: Net design_2_i/arbiter_puf_fpga_0/inst/arbiter_puf_fpga_v1_0_S00_AXI_inst/slv_reg4[6] has multiple drivers: design_2_i/arbiter_puf_fpga_0/inst/arbiter_puf_fpga_v1_0_S00_AXI_inst/slv_reg4_reg[6]/Q, and design_2_i/arbiter_puf_fpga_0/inst/arbiter_puf_fpga_v1_0_S00_AXI_inst/slv_reg4_reg[6]__0/Q.
ERROR: [DRC MDRV-1] Multiple Driver Nets: Net design_2_i/arbiter_puf_fpga_0/inst/arbiter_puf_fpga_v1_0_S00_AXI_inst/slv_reg4[7] has multiple drivers: design_2_i/arbiter_puf_fpga_0/inst/arbiter_puf_fpga_v1_0_S00_AXI_inst/slv_reg4_reg[7]/Q, and design_2_i/arbiter_puf_fpga_0/inst/arbiter_puf_fpga_v1_0_S00_AXI_inst/slv_reg4_reg[7]__0/Q.
ERROR: [DRC MDRV-1] Multiple Driver Nets: Net design_2_i/arbiter_puf_fpga_0/inst/arbiter_puf_fpga_v1_0_S00_AXI_inst/slv_reg4[8] has multiple drivers: design_2_i/arbiter_puf_fpga_0/inst/arbiter_puf_fpga_v1_0_S00_AXI_inst/slv_reg4_reg[8]/Q, and design_2_i/arbiter_puf_fpga_0/inst/arbiter_puf_fpga_v1_0_S00_AXI_inst/slv_reg4_reg[8]__0/Q.
ERROR: [DRC MDRV-1] Multiple Driver Nets: Net design_2_i/arbiter_puf_fpga_0/inst/arbiter_puf_fpga_v1_0_S00_AXI_inst/slv_reg4[9] has multiple drivers: design_2_i/arbiter_puf_fpga_0/inst/arbiter_puf_fpga_v1_0_S00_AXI_inst/slv_reg4_reg[9]__0/Q, and design_2_i/arbiter_puf_fpga_0/inst/arbiter_puf_fpga_v1_0_S00_AXI_inst/slv_reg4_reg[9]/Q.
ERROR: [DRC MDRV-1] Multiple Driver Nets: Net design_2_i/arbiter_puf_fpga_0/inst/arbiter_puf_fpga_v1_0_S00_AXI_inst/slv_reg5[0] has multiple drivers: design_2_i/arbiter_puf_fpga_0/inst/arbiter_puf_fpga_v1_0_S00_AXI_inst/slv_reg5_reg[0]/Q, and design_2_i/arbiter_puf_fpga_0/inst/arbiter_puf_fpga_v1_0_S00_AXI_inst/slv_reg5_reg[0]__0/Q.
INFO: [Project 1-461] DRC finished with 65 Errors
INFO: [Project 1-462] Please refer to the DRC report (report_drc) for more information.
ERROR: [Vivado_Tcl 4-78] Error(s) found during DRC. Opt_design not run.

Time (s): cpu = 00:00:01 ; elapsed = 00:00:00.695 . Memory (MB): peak = 1540.480 ; gain = 19.906
INFO: [Common 17-83] Releasing license: Implementation
20 Infos, 3 Warnings, 0 Critical Warnings and 66 Errors encountered.
opt_design failed
ERROR: [Common 17-39] 'opt_design' failed due to earlier errors.

INFO: [Common 17-206] Exiting Vivado at Mon Jul  7 17:13:39 2025...
